{"/Users/nicolasmartincaceres/Desktop/My ecommerce-project-4-main/Mi-ecommerce/server.js": {"path":"/Users/nicolasmartincaceres/Desktop/My ecommerce-project-4-main/Mi-ecommerce/server.js","statementMap":{"0":{"start":{"line":1,"column":0},"end":{"line":1,"column":27}},"1":{"start":{"line":2,"column":16},"end":{"line":2,"column":34}},"2":{"start":{"line":3,"column":13},"end":{"line":3,"column":28}},"3":{"start":{"line":4,"column":22},"end":{"line":4,"column":54}},"4":{"start":{"line":7,"column":18},"end":{"line":7,"column":47}},"5":{"start":{"line":8,"column":13},"end":{"line":8,"column":30}},"6":{"start":{"line":9,"column":24},"end":{"line":9,"column":51}},"7":{"start":{"line":15,"column":4},"end":{"line":15,"column":45}},"8":{"start":{"line":18,"column":20},"end":{"line":18,"column":55}},"9":{"start":{"line":19,"column":23},"end":{"line":19,"column":61}},"10":{"start":{"line":20,"column":23},"end":{"line":20,"column":61}},"11":{"start":{"line":21,"column":20},"end":{"line":21,"column":54}},"12":{"start":{"line":22,"column":23},"end":{"line":22,"column":61}},"13":{"start":{"line":23,"column":24},"end":{"line":23,"column":68}},"14":{"start":{"line":24,"column":26},"end":{"line":24,"column":67}},"15":{"start":{"line":27,"column":14},"end":{"line":27,"column":30}},"16":{"start":{"line":28,"column":12},"end":{"line":28,"column":21}},"17":{"start":{"line":30,"column":0},"end":{"line":30,"column":24}},"18":{"start":{"line":34,"column":0},"end":{"line":34,"column":27}},"19":{"start":{"line":35,"column":0},"end":{"line":35,"column":44}},"20":{"start":{"line":36,"column":0},"end":{"line":36,"column":33}},"21":{"start":{"line":37,"column":0},"end":{"line":37,"column":39}},"22":{"start":{"line":38,"column":0},"end":{"line":38,"column":39}},"23":{"start":{"line":39,"column":0},"end":{"line":39,"column":33}},"24":{"start":{"line":40,"column":0},"end":{"line":40,"column":39}},"25":{"start":{"line":41,"column":0},"end":{"line":43,"column":72}},"26":{"start":{"line":45,"column":0},"end":{"line":45,"column":19}},"27":{"start":{"line":46,"column":0},"end":{"line":46,"column":28}},"28":{"start":{"line":48,"column":15},"end":{"line":53,"column":2}},"29":{"start":{"line":52,"column":1},"end":{"line":52,"column":68}},"30":{"start":{"line":56,"column":0},"end":{"line":56,"column":30}}},"fnMap":{"0":{"name":"(anonymous_0)","decl":{"start":{"line":48,"column":44},"end":{"line":48,"column":45}},"loc":{"start":{"line":48,"column":50},"end":{"line":53,"column":1}},"line":48}},"branchMap":{},"s":{"0":1,"1":1,"2":1,"3":1,"4":1,"5":1,"6":1,"7":1,"8":1,"9":1,"10":1,"11":1,"12":1,"13":1,"14":1,"15":1,"16":1,"17":1,"18":1,"19":1,"20":1,"21":1,"22":1,"23":1,"24":1,"25":1,"26":1,"27":1,"28":1,"29":0,"30":1},"f":{"0":0},"b":{},"_coverageSchema":"1a1c01bbd47fc00a2c39e90264f33305004495a9","hash":"d990b5b0de34ce37112ac6688c6e8c453ad840fb"}
,"/Users/nicolasmartincaceres/Desktop/My ecommerce-project-4-main/Mi-ecommerce/api/controllers/cargarDatosControler.js": {"path":"/Users/nicolasmartincaceres/Desktop/My ecommerce-project-4-main/Mi-ecommerce/api/controllers/cargarDatosControler.js","statementMap":{"0":{"start":{"line":1,"column":11},"end":{"line":1,"column":40}},"1":{"start":{"line":5,"column":14},"end":{"line":5,"column":47}},"2":{"start":{"line":6,"column":17},"end":{"line":6,"column":54}},"3":{"start":{"line":7,"column":19},"end":{"line":7,"column":58}},"4":{"start":{"line":8,"column":17},"end":{"line":8,"column":54}},"5":{"start":{"line":9,"column":21},"end":{"line":9,"column":61}},"6":{"start":{"line":11,"column":30},"end":{"line":84,"column":1}},"7":{"start":{"line":15,"column":2},"end":{"line":82,"column":3}},"8":{"start":{"line":17,"column":3},"end":{"line":27,"column":4}},"9":{"start":{"line":18,"column":4},"end":{"line":26,"column":7}},"10":{"start":{"line":28,"column":18},"end":{"line":30,"column":5}},"11":{"start":{"line":31,"column":23},"end":{"line":31,"column":57}},"12":{"start":{"line":31,"column":44},"end":{"line":31,"column":56}},"13":{"start":{"line":34,"column":3},"end":{"line":39,"column":4}},"14":{"start":{"line":35,"column":4},"end":{"line":38,"column":7}},"15":{"start":{"line":41,"column":3},"end":{"line":45,"column":4}},"16":{"start":{"line":42,"column":4},"end":{"line":44,"column":7}},"17":{"start":{"line":47,"column":3},"end":{"line":56,"column":4}},"18":{"start":{"line":48,"column":4},"end":{"line":55,"column":7}},"19":{"start":{"line":58,"column":3},"end":{"line":63,"column":4}},"20":{"start":{"line":59,"column":4},"end":{"line":62,"column":7}},"21":{"start":{"line":65,"column":3},"end":{"line":73,"column":4}},"22":{"start":{"line":66,"column":4},"end":{"line":72,"column":7}},"23":{"start":{"line":75,"column":3},"end":{"line":78,"column":6}},"24":{"start":{"line":80,"column":3},"end":{"line":80,"column":22}},"25":{"start":{"line":81,"column":3},"end":{"line":81,"column":61}},"26":{"start":{"line":85,"column":0},"end":{"line":85,"column":39}}},"fnMap":{"0":{"name":"(anonymous_0)","decl":{"start":{"line":14,"column":8},"end":{"line":14,"column":9}},"loc":{"start":{"line":14,"column":34},"end":{"line":83,"column":2}},"line":14},"1":{"name":"(anonymous_1)","decl":{"start":{"line":31,"column":34},"end":{"line":31,"column":35}},"loc":{"start":{"line":31,"column":44},"end":{"line":31,"column":56}},"line":31}},"branchMap":{},"s":{"0":1,"1":1,"2":1,"3":1,"4":1,"5":1,"6":1,"7":0,"8":0,"9":0,"10":0,"11":0,"12":0,"13":0,"14":0,"15":0,"16":0,"17":0,"18":0,"19":0,"20":0,"21":0,"22":0,"23":0,"24":0,"25":0,"26":1},"f":{"0":0,"1":0},"b":{},"_coverageSchema":"1a1c01bbd47fc00a2c39e90264f33305004495a9","hash":"6331000983bd8928cfaa5e2d255caff3797a6bb5"}
,"/Users/nicolasmartincaceres/Desktop/My ecommerce-project-4-main/Mi-ecommerce/api/controllers/cartController.js": {"path":"/Users/nicolasmartincaceres/Desktop/My ecommerce-project-4-main/Mi-ecommerce/api/controllers/cartController.js","statementMap":{"0":{"start":{"line":1,"column":21},"end":{"line":1,"column":58}},"1":{"start":{"line":2,"column":11},"end":{"line":2,"column":40}},"2":{"start":{"line":5,"column":17},"end":{"line":40,"column":1}},"3":{"start":{"line":6,"column":12},"end":{"line":6,"column":29}},"4":{"start":{"line":7,"column":11},"end":{"line":7,"column":24}},"5":{"start":{"line":9,"column":0},"end":{"line":39,"column":5}},"6":{"start":{"line":10,"column":4},"end":{"line":33,"column":9}},"7":{"start":{"line":11,"column":27},"end":{"line":11,"column":53}},"8":{"start":{"line":12,"column":8},"end":{"line":17,"column":9}},"9":{"start":{"line":13,"column":12},"end":{"line":16,"column":15}},"10":{"start":{"line":18,"column":28},"end":{"line":24,"column":10}},"11":{"start":{"line":25,"column":8},"end":{"line":29,"column":11}},"12":{"start":{"line":32,"column":8},"end":{"line":32,"column":20}},"13":{"start":{"line":35,"column":8},"end":{"line":38,"column":10}},"14":{"start":{"line":44,"column":17},"end":{"line":146,"column":1}},"15":{"start":{"line":45,"column":16},"end":{"line":45,"column":33}},"16":{"start":{"line":46,"column":15},"end":{"line":46,"column":28}},"17":{"start":{"line":47,"column":4},"end":{"line":144,"column":5}},"18":{"start":{"line":48,"column":8},"end":{"line":137,"column":13}},"19":{"start":{"line":49,"column":31},"end":{"line":49,"column":39}},"20":{"start":{"line":50,"column":31},"end":{"line":50,"column":57}},"21":{"start":{"line":51,"column":12},"end":{"line":56,"column":13}},"22":{"start":{"line":52,"column":16},"end":{"line":55,"column":19}},"23":{"start":{"line":58,"column":34},"end":{"line":58,"column":74}},"24":{"start":{"line":60,"column":12},"end":{"line":65,"column":13}},"25":{"start":{"line":61,"column":16},"end":{"line":64,"column":19}},"26":{"start":{"line":67,"column":12},"end":{"line":72,"column":13}},"27":{"start":{"line":68,"column":16},"end":{"line":71,"column":18}},"28":{"start":{"line":83,"column":31},"end":{"line":88,"column":18}},"29":{"start":{"line":89,"column":16},"end":{"line":113,"column":17}},"30":{"start":{"line":90,"column":39},"end":{"line":94,"column":22}},"31":{"start":{"line":97,"column":38},"end":{"line":97,"column":86}},"32":{"start":{"line":98,"column":20},"end":{"line":103,"column":21}},"33":{"start":{"line":99,"column":24},"end":{"line":102,"column":26}},"34":{"start":{"line":104,"column":39},"end":{"line":112,"column":21}},"35":{"start":{"line":116,"column":33},"end":{"line":116,"column":85}},"36":{"start":{"line":117,"column":36},"end":{"line":122,"column":18}},"37":{"start":{"line":124,"column":29},"end":{"line":129,"column":18}},"38":{"start":{"line":130,"column":16},"end":{"line":134,"column":18}},"39":{"start":{"line":136,"column":16},"end":{"line":136,"column":28}},"40":{"start":{"line":140,"column":8},"end":{"line":143,"column":10}},"41":{"start":{"line":150,"column":0},"end":{"line":153,"column":2}}},"fnMap":{"0":{"name":"(anonymous_0)","decl":{"start":{"line":5,"column":17},"end":{"line":5,"column":18}},"loc":{"start":{"line":5,"column":42},"end":{"line":40,"column":1}},"line":5},"1":{"name":"(anonymous_1)","decl":{"start":{"line":44,"column":17},"end":{"line":44,"column":18}},"loc":{"start":{"line":44,"column":41},"end":{"line":146,"column":1}},"line":44}},"branchMap":{"0":{"loc":{"start":{"line":9,"column":0},"end":{"line":39,"column":5}},"type":"if","locations":[{"start":{"line":9,"column":0},"end":{"line":39,"column":5}},{"start":{"line":34,"column":9},"end":{"line":39,"column":5}}],"line":9},"1":{"loc":{"start":{"line":9,"column":3},"end":{"line":9,"column":67}},"type":"binary-expr","locations":[{"start":{"line":9,"column":3},"end":{"line":9,"column":29}},{"start":{"line":9,"column":33},"end":{"line":9,"column":47}},{"start":{"line":9,"column":51},"end":{"line":9,"column":67}}],"line":9},"2":{"loc":{"start":{"line":12,"column":8},"end":{"line":17,"column":9}},"type":"if","locations":[{"start":{"line":12,"column":8},"end":{"line":17,"column":9}},{"start":{},"end":{}}],"line":12},"3":{"loc":{"start":{"line":47,"column":4},"end":{"line":144,"column":5}},"type":"if","locations":[{"start":{"line":47,"column":4},"end":{"line":144,"column":5}},{"start":{"line":139,"column":8},"end":{"line":144,"column":5}}],"line":47},"4":{"loc":{"start":{"line":47,"column":7},"end":{"line":47,"column":51}},"type":"binary-expr","locations":[{"start":{"line":47,"column":7},"end":{"line":47,"column":33}},{"start":{"line":47,"column":37},"end":{"line":47,"column":51}}],"line":47},"5":{"loc":{"start":{"line":51,"column":12},"end":{"line":56,"column":13}},"type":"if","locations":[{"start":{"line":51,"column":12},"end":{"line":56,"column":13}},{"start":{},"end":{}}],"line":51},"6":{"loc":{"start":{"line":60,"column":12},"end":{"line":65,"column":13}},"type":"if","locations":[{"start":{"line":60,"column":12},"end":{"line":65,"column":13}},{"start":{},"end":{}}],"line":60},"7":{"loc":{"start":{"line":67,"column":12},"end":{"line":72,"column":13}},"type":"if","locations":[{"start":{"line":67,"column":12},"end":{"line":72,"column":13}},{"start":{},"end":{}}],"line":67},"8":{"loc":{"start":{"line":89,"column":16},"end":{"line":113,"column":17}},"type":"if","locations":[{"start":{"line":89,"column":16},"end":{"line":113,"column":17}},{"start":{"line":96,"column":21},"end":{"line":113,"column":17}}],"line":89},"9":{"loc":{"start":{"line":98,"column":20},"end":{"line":103,"column":21}},"type":"if","locations":[{"start":{"line":98,"column":20},"end":{"line":103,"column":21}},{"start":{},"end":{}}],"line":98}},"s":{"0":1,"1":1,"2":1,"3":0,"4":0,"5":0,"6":0,"7":0,"8":0,"9":0,"10":0,"11":0,"12":0,"13":0,"14":1,"15":0,"16":0,"17":0,"18":0,"19":0,"20":0,"21":0,"22":0,"23":0,"24":0,"25":0,"26":0,"27":0,"28":0,"29":0,"30":0,"31":0,"32":0,"33":0,"34":0,"35":0,"36":0,"37":0,"38":0,"39":0,"40":0,"41":1},"f":{"0":0,"1":0},"b":{"0":[0,0],"1":[0,0,0],"2":[0,0],"3":[0,0],"4":[0,0],"5":[0,0],"6":[0,0],"7":[0,0],"8":[0,0],"9":[0,0]},"_coverageSchema":"1a1c01bbd47fc00a2c39e90264f33305004495a9","hash":"a4511450ca636ca1a44732f581f24fc605752a33"}
,"/Users/nicolasmartincaceres/Desktop/My ecommerce-project-4-main/Mi-ecommerce/api/controllers/categoryControler.js": {"path":"/Users/nicolasmartincaceres/Desktop/My ecommerce-project-4-main/Mi-ecommerce/api/controllers/categoryControler.js","statementMap":{"0":{"start":{"line":1,"column":11},"end":{"line":1,"column":40}},"1":{"start":{"line":2,"column":26},"end":{"line":89,"column":1}},"2":{"start":{"line":4,"column":28},"end":{"line":4,"column":55}},"3":{"start":{"line":5,"column":8},"end":{"line":13,"column":9}},"4":{"start":{"line":6,"column":12},"end":{"line":10,"column":15}},"5":{"start":{"line":12,"column":12},"end":{"line":12,"column":24}},"6":{"start":{"line":16,"column":8},"end":{"line":36,"column":9}},"7":{"start":{"line":17,"column":35},"end":{"line":19,"column":15}},"8":{"start":{"line":20,"column":12},"end":{"line":25,"column":13}},"9":{"start":{"line":21,"column":20},"end":{"line":24,"column":19}},"10":{"start":{"line":26,"column":31},"end":{"line":28,"column":14}},"11":{"start":{"line":29,"column":12},"end":{"line":33,"column":15}},"12":{"start":{"line":35,"column":12},"end":{"line":35,"column":23}},"13":{"start":{"line":39,"column":8},"end":{"line":60,"column":9}},"14":{"start":{"line":40,"column":31},"end":{"line":40,"column":44}},"15":{"start":{"line":41,"column":35},"end":{"line":41,"column":73}},"16":{"start":{"line":42,"column":12},"end":{"line":47,"column":13}},"17":{"start":{"line":43,"column":16},"end":{"line":46,"column":19}},"18":{"start":{"line":48,"column":28},"end":{"line":52,"column":14}},"19":{"start":{"line":53,"column":12},"end":{"line":57,"column":15}},"20":{"start":{"line":59,"column":12},"end":{"line":59,"column":23}},"21":{"start":{"line":63,"column":8},"end":{"line":87,"column":9}},"22":{"start":{"line":64,"column":31},"end":{"line":64,"column":44}},"23":{"start":{"line":65,"column":35},"end":{"line":65,"column":73}},"24":{"start":{"line":66,"column":16},"end":{"line":72,"column":17}},"25":{"start":{"line":67,"column":20},"end":{"line":70,"column":23}},"26":{"start":{"line":73,"column":12},"end":{"line":79,"column":15}},"27":{"start":{"line":80,"column":12},"end":{"line":84,"column":15}},"28":{"start":{"line":86,"column":12},"end":{"line":86,"column":23}},"29":{"start":{"line":91,"column":0},"end":{"line":91,"column":35}}},"fnMap":{"0":{"name":"(anonymous_0)","decl":{"start":{"line":3,"column":18},"end":{"line":3,"column":19}},"loc":{"start":{"line":3,"column":41},"end":{"line":14,"column":5}},"line":3},"1":{"name":"(anonymous_1)","decl":{"start":{"line":15,"column":19},"end":{"line":15,"column":20}},"loc":{"start":{"line":15,"column":42},"end":{"line":37,"column":5}},"line":15},"2":{"name":"(anonymous_2)","decl":{"start":{"line":38,"column":19},"end":{"line":38,"column":20}},"loc":{"start":{"line":38,"column":42},"end":{"line":61,"column":5}},"line":38},"3":{"name":"(anonymous_3)","decl":{"start":{"line":62,"column":20},"end":{"line":62,"column":21}},"loc":{"start":{"line":62,"column":43},"end":{"line":88,"column":5}},"line":62}},"branchMap":{"0":{"loc":{"start":{"line":20,"column":12},"end":{"line":25,"column":13}},"type":"if","locations":[{"start":{"line":20,"column":12},"end":{"line":25,"column":13}},{"start":{},"end":{}}],"line":20},"1":{"loc":{"start":{"line":42,"column":12},"end":{"line":47,"column":13}},"type":"if","locations":[{"start":{"line":42,"column":12},"end":{"line":47,"column":13}},{"start":{},"end":{}}],"line":42},"2":{"loc":{"start":{"line":66,"column":16},"end":{"line":72,"column":17}},"type":"if","locations":[{"start":{"line":66,"column":16},"end":{"line":72,"column":17}},{"start":{},"end":{}}],"line":66}},"s":{"0":1,"1":1,"2":0,"3":0,"4":0,"5":0,"6":0,"7":0,"8":0,"9":0,"10":0,"11":0,"12":0,"13":0,"14":0,"15":0,"16":0,"17":0,"18":0,"19":0,"20":0,"21":0,"22":0,"23":0,"24":0,"25":0,"26":0,"27":0,"28":0,"29":1},"f":{"0":0,"1":0,"2":0,"3":0},"b":{"0":[0,0],"1":[0,0],"2":[0,0]},"_coverageSchema":"1a1c01bbd47fc00a2c39e90264f33305004495a9","hash":"ed150304ab18fc8cc5cc01304a2bcbbe6d0cdb74"}
,"/Users/nicolasmartincaceres/Desktop/My ecommerce-project-4-main/Mi-ecommerce/api/controllers/picturesController.js": {"path":"/Users/nicolasmartincaceres/Desktop/My ecommerce-project-4-main/Mi-ecommerce/api/controllers/picturesController.js","statementMap":{"0":{"start":{"line":1,"column":18},"end":{"line":1,"column":49}},"1":{"start":{"line":2,"column":11},"end":{"line":2,"column":40}},"2":{"start":{"line":8,"column":20},"end":{"line":42,"column":1}},"3":{"start":{"line":9,"column":1},"end":{"line":41,"column":2}},"4":{"start":{"line":10,"column":20},"end":{"line":10,"column":37}},"5":{"start":{"line":12,"column":24},"end":{"line":12,"column":60}},"6":{"start":{"line":14,"column":2},"end":{"line":19,"column":3}},"7":{"start":{"line":15,"column":3},"end":{"line":18,"column":6}},"8":{"start":{"line":21,"column":26},"end":{"line":25,"column":4}},"9":{"start":{"line":27,"column":2},"end":{"line":32,"column":3}},"10":{"start":{"line":28,"column":3},"end":{"line":31,"column":6}},"11":{"start":{"line":34,"column":2},"end":{"line":38,"column":5}},"12":{"start":{"line":40,"column":2},"end":{"line":40,"column":14}},"13":{"start":{"line":47,"column":19},"end":{"line":65,"column":1}},"14":{"start":{"line":48,"column":1},"end":{"line":64,"column":2}},"15":{"start":{"line":49,"column":20},"end":{"line":49,"column":33}},"16":{"start":{"line":51,"column":18},"end":{"line":51,"column":54}},"17":{"start":{"line":53,"column":2},"end":{"line":55,"column":3}},"18":{"start":{"line":54,"column":3},"end":{"line":54,"column":74}},"19":{"start":{"line":57,"column":2},"end":{"line":61,"column":5}},"20":{"start":{"line":63,"column":2},"end":{"line":63,"column":14}},"21":{"start":{"line":71,"column":22},"end":{"line":99,"column":1}},"22":{"start":{"line":72,"column":1},"end":{"line":98,"column":2}},"23":{"start":{"line":73,"column":56},"end":{"line":73,"column":64}},"24":{"start":{"line":75,"column":23},"end":{"line":75,"column":59}},"25":{"start":{"line":77,"column":2},"end":{"line":79,"column":3}},"26":{"start":{"line":78,"column":3},"end":{"line":78,"column":74}},"27":{"start":{"line":81,"column":21},"end":{"line":85,"column":4}},"28":{"start":{"line":87,"column":4},"end":{"line":89,"column":5}},"29":{"start":{"line":88,"column":6},"end":{"line":88,"column":79}},"30":{"start":{"line":91,"column":2},"end":{"line":95,"column":5}},"31":{"start":{"line":97,"column":2},"end":{"line":97,"column":14}},"32":{"start":{"line":106,"column":22},"end":{"line":143,"column":1}},"33":{"start":{"line":107,"column":1},"end":{"line":142,"column":2}},"34":{"start":{"line":108,"column":45},"end":{"line":108,"column":53}},"35":{"start":{"line":109,"column":20},"end":{"line":109,"column":33}},"36":{"start":{"line":111,"column":18},"end":{"line":111,"column":54}},"37":{"start":{"line":113,"column":2},"end":{"line":115,"column":3}},"38":{"start":{"line":114,"column":3},"end":{"line":114,"column":74}},"39":{"start":{"line":117,"column":22},"end":{"line":127,"column":3}},"40":{"start":{"line":129,"column":4},"end":{"line":131,"column":5}},"41":{"start":{"line":130,"column":6},"end":{"line":130,"column":79}},"42":{"start":{"line":133,"column":2},"end":{"line":133,"column":55}},"43":{"start":{"line":135,"column":2},"end":{"line":139,"column":5}},"44":{"start":{"line":141,"column":2},"end":{"line":141,"column":14}},"45":{"start":{"line":149,"column":22},"end":{"line":175,"column":1}},"46":{"start":{"line":150,"column":1},"end":{"line":174,"column":2}},"47":{"start":{"line":151,"column":20},"end":{"line":151,"column":33}},"48":{"start":{"line":153,"column":21},"end":{"line":153,"column":57}},"49":{"start":{"line":155,"column":2},"end":{"line":157,"column":3}},"50":{"start":{"line":156,"column":3},"end":{"line":156,"column":74}},"51":{"start":{"line":159,"column":25},"end":{"line":163,"column":4}},"52":{"start":{"line":165,"column":4},"end":{"line":167,"column":5}},"53":{"start":{"line":166,"column":6},"end":{"line":166,"column":79}},"54":{"start":{"line":169,"column":2},"end":{"line":171,"column":71}},"55":{"start":{"line":173,"column":2},"end":{"line":173,"column":14}},"56":{"start":{"line":177,"column":0},"end":{"line":183,"column":2}}},"fnMap":{"0":{"name":"(anonymous_0)","decl":{"start":{"line":8,"column":20},"end":{"line":8,"column":21}},"loc":{"start":{"line":8,"column":46},"end":{"line":42,"column":1}},"line":8},"1":{"name":"(anonymous_1)","decl":{"start":{"line":47,"column":19},"end":{"line":47,"column":20}},"loc":{"start":{"line":47,"column":45},"end":{"line":65,"column":1}},"line":47},"2":{"name":"(anonymous_2)","decl":{"start":{"line":71,"column":22},"end":{"line":71,"column":23}},"loc":{"start":{"line":71,"column":48},"end":{"line":99,"column":1}},"line":71},"3":{"name":"(anonymous_3)","decl":{"start":{"line":106,"column":22},"end":{"line":106,"column":23}},"loc":{"start":{"line":106,"column":48},"end":{"line":143,"column":1}},"line":106},"4":{"name":"(anonymous_4)","decl":{"start":{"line":149,"column":22},"end":{"line":149,"column":23}},"loc":{"start":{"line":149,"column":48},"end":{"line":175,"column":1}},"line":149}},"branchMap":{"0":{"loc":{"start":{"line":14,"column":2},"end":{"line":19,"column":3}},"type":"if","locations":[{"start":{"line":14,"column":2},"end":{"line":19,"column":3}},{"start":{},"end":{}}],"line":14},"1":{"loc":{"start":{"line":27,"column":2},"end":{"line":32,"column":3}},"type":"if","locations":[{"start":{"line":27,"column":2},"end":{"line":32,"column":3}},{"start":{},"end":{}}],"line":27},"2":{"loc":{"start":{"line":53,"column":2},"end":{"line":55,"column":3}},"type":"if","locations":[{"start":{"line":53,"column":2},"end":{"line":55,"column":3}},{"start":{},"end":{}}],"line":53},"3":{"loc":{"start":{"line":77,"column":2},"end":{"line":79,"column":3}},"type":"if","locations":[{"start":{"line":77,"column":2},"end":{"line":79,"column":3}},{"start":{},"end":{}}],"line":77},"4":{"loc":{"start":{"line":87,"column":4},"end":{"line":89,"column":5}},"type":"if","locations":[{"start":{"line":87,"column":4},"end":{"line":89,"column":5}},{"start":{},"end":{}}],"line":87},"5":{"loc":{"start":{"line":113,"column":2},"end":{"line":115,"column":3}},"type":"if","locations":[{"start":{"line":113,"column":2},"end":{"line":115,"column":3}},{"start":{},"end":{}}],"line":113},"6":{"loc":{"start":{"line":129,"column":4},"end":{"line":131,"column":5}},"type":"if","locations":[{"start":{"line":129,"column":4},"end":{"line":131,"column":5}},{"start":{},"end":{}}],"line":129},"7":{"loc":{"start":{"line":155,"column":2},"end":{"line":157,"column":3}},"type":"if","locations":[{"start":{"line":155,"column":2},"end":{"line":157,"column":3}},{"start":{},"end":{}}],"line":155},"8":{"loc":{"start":{"line":165,"column":4},"end":{"line":167,"column":5}},"type":"if","locations":[{"start":{"line":165,"column":4},"end":{"line":167,"column":5}},{"start":{},"end":{}}],"line":165}},"s":{"0":1,"1":1,"2":1,"3":0,"4":0,"5":0,"6":0,"7":0,"8":0,"9":0,"10":0,"11":0,"12":0,"13":1,"14":0,"15":0,"16":0,"17":0,"18":0,"19":0,"20":0,"21":1,"22":0,"23":0,"24":0,"25":0,"26":0,"27":0,"28":0,"29":0,"30":0,"31":0,"32":1,"33":0,"34":0,"35":0,"36":0,"37":0,"38":0,"39":0,"40":0,"41":0,"42":0,"43":0,"44":0,"45":1,"46":0,"47":0,"48":0,"49":0,"50":0,"51":0,"52":0,"53":0,"54":0,"55":0,"56":1},"f":{"0":0,"1":0,"2":0,"3":0,"4":0},"b":{"0":[0,0],"1":[0,0],"2":[0,0],"3":[0,0],"4":[0,0],"5":[0,0],"6":[0,0],"7":[0,0],"8":[0,0]},"_coverageSchema":"1a1c01bbd47fc00a2c39e90264f33305004495a9","hash":"286c628459d2c58c5c62926d011b4d7121b66ace"}
,"/Users/nicolasmartincaceres/Desktop/My ecommerce-project-4-main/Mi-ecommerce/api/controllers/productsController.js": {"path":"/Users/nicolasmartincaceres/Desktop/My ecommerce-project-4-main/Mi-ecommerce/api/controllers/productsController.js","statementMap":{"0":{"start":{"line":1,"column":16},"end":{"line":1,"column":34}},"1":{"start":{"line":2,"column":15},"end":{"line":2,"column":35}},"2":{"start":{"line":3,"column":20},"end":{"line":3,"column":57}},"3":{"start":{"line":4,"column":33},"end":{"line":4,"column":62}},"4":{"start":{"line":5,"column":11},"end":{"line":5,"column":40}},"5":{"start":{"line":6,"column":16},"end":{"line":6,"column":53}},"6":{"start":{"line":9,"column":27},"end":{"line":504,"column":1}},"7":{"start":{"line":12,"column":8},"end":{"line":88,"column":9}},"8":{"start":{"line":13,"column":31},"end":{"line":13,"column":40}},"9":{"start":{"line":15,"column":12},"end":{"line":83,"column":13}},"10":{"start":{"line":17,"column":31},"end":{"line":38,"column":18}},"11":{"start":{"line":40,"column":16},"end":{"line":45,"column":17}},"12":{"start":{"line":41,"column":20},"end":{"line":44,"column":22}},"13":{"start":{"line":48,"column":16},"end":{"line":52,"column":18}},"14":{"start":{"line":56,"column":31},"end":{"line":75,"column":18}},"15":{"start":{"line":77,"column":16},"end":{"line":81,"column":26}},"16":{"start":{"line":86,"column":12},"end":{"line":86,"column":31}},"17":{"start":{"line":87,"column":12},"end":{"line":87,"column":24}},"18":{"start":{"line":92,"column":7},"end":{"line":128,"column":8}},"19":{"start":{"line":93,"column":24},"end":{"line":93,"column":34}},"20":{"start":{"line":94,"column":22},"end":{"line":112,"column":13}},"21":{"start":{"line":113,"column":11},"end":{"line":118,"column":12}},"22":{"start":{"line":114,"column":15},"end":{"line":117,"column":17}},"23":{"start":{"line":119,"column":11},"end":{"line":123,"column":26}},"24":{"start":{"line":126,"column":12},"end":{"line":126,"column":31}},"25":{"start":{"line":127,"column":12},"end":{"line":127,"column":24}},"26":{"start":{"line":133,"column":8},"end":{"line":166,"column":9}},"27":{"start":{"line":134,"column":27},"end":{"line":155,"column":14}},"28":{"start":{"line":157,"column":12},"end":{"line":161,"column":22}},"29":{"start":{"line":164,"column":12},"end":{"line":164,"column":31}},"30":{"start":{"line":165,"column":12},"end":{"line":165,"column":24}},"31":{"start":{"line":171,"column":8},"end":{"line":215,"column":9}},"32":{"start":{"line":172,"column":85},"end":{"line":172,"column":93}},"33":{"start":{"line":174,"column":24},"end":{"line":174,"column":41}},"34":{"start":{"line":176,"column":12},"end":{"line":181,"column":13}},"35":{"start":{"line":177,"column":16},"end":{"line":180,"column":18}},"36":{"start":{"line":183,"column":12},"end":{"line":193,"column":13}},"37":{"start":{"line":184,"column":26},"end":{"line":184,"column":62}},"38":{"start":{"line":186,"column":16},"end":{"line":191,"column":17}},"39":{"start":{"line":187,"column":20},"end":{"line":190,"column":22}},"40":{"start":{"line":195,"column":31},"end":{"line":202,"column":13}},"41":{"start":{"line":204,"column":23},"end":{"line":204,"column":58}},"42":{"start":{"line":206,"column":13},"end":{"line":210,"column":15}},"43":{"start":{"line":213,"column":12},"end":{"line":213,"column":31}},"44":{"start":{"line":214,"column":12},"end":{"line":214,"column":24}},"45":{"start":{"line":219,"column":8},"end":{"line":291,"column":9}},"46":{"start":{"line":220,"column":25},"end":{"line":220,"column":35}},"47":{"start":{"line":221,"column":24},"end":{"line":221,"column":41}},"48":{"start":{"line":223,"column":12},"end":{"line":228,"column":13}},"49":{"start":{"line":224,"column":16},"end":{"line":227,"column":18}},"50":{"start":{"line":230,"column":30},"end":{"line":234,"column":14}},"51":{"start":{"line":236,"column":12},"end":{"line":241,"column":13}},"52":{"start":{"line":237,"column":16},"end":{"line":240,"column":18}},"53":{"start":{"line":243,"column":23},"end":{"line":258,"column":19}},"54":{"start":{"line":260,"column":12},"end":{"line":265,"column":13}},"55":{"start":{"line":261,"column":16},"end":{"line":264,"column":18}},"56":{"start":{"line":268,"column":20},"end":{"line":272,"column":22}},"57":{"start":{"line":282,"column":12},"end":{"line":286,"column":22}},"58":{"start":{"line":289,"column":12},"end":{"line":289,"column":31}},"59":{"start":{"line":290,"column":12},"end":{"line":290,"column":24}},"60":{"start":{"line":295,"column":8},"end":{"line":340,"column":9}},"61":{"start":{"line":296,"column":24},"end":{"line":296,"column":33}},"62":{"start":{"line":298,"column":36},"end":{"line":329,"column":14}},"63":{"start":{"line":331,"column":12},"end":{"line":335,"column":14}},"64":{"start":{"line":338,"column":12},"end":{"line":338,"column":31}},"65":{"start":{"line":339,"column":12},"end":{"line":339,"column":24}},"66":{"start":{"line":344,"column":8},"end":{"line":416,"column":9}},"67":{"start":{"line":346,"column":25},"end":{"line":346,"column":35}},"68":{"start":{"line":347,"column":24},"end":{"line":347,"column":41}},"69":{"start":{"line":348,"column":12},"end":{"line":353,"column":13}},"70":{"start":{"line":349,"column":16},"end":{"line":352,"column":18}},"71":{"start":{"line":355,"column":80},"end":{"line":355,"column":88}},"72":{"start":{"line":356,"column":23},"end":{"line":356,"column":52}},"73":{"start":{"line":358,"column":12},"end":{"line":363,"column":13}},"74":{"start":{"line":359,"column":16},"end":{"line":362,"column":18}},"75":{"start":{"line":365,"column":12},"end":{"line":372,"column":13}},"76":{"start":{"line":366,"column":16},"end":{"line":371,"column":17}},"77":{"start":{"line":367,"column":20},"end":{"line":370,"column":22}},"78":{"start":{"line":373,"column":33},"end":{"line":380,"column":13}},"79":{"start":{"line":381,"column":12},"end":{"line":385,"column":14}},"80":{"start":{"line":387,"column":32},"end":{"line":405,"column":14}},"81":{"start":{"line":407,"column":12},"end":{"line":411,"column":14}},"82":{"start":{"line":414,"column":12},"end":{"line":414,"column":31}},"83":{"start":{"line":415,"column":12},"end":{"line":415,"column":24}},"84":{"start":{"line":421,"column":23},"end":{"line":421,"column":33}},"85":{"start":{"line":423,"column":8},"end":{"line":454,"column":9}},"86":{"start":{"line":425,"column":34},"end":{"line":425,"column":63}},"87":{"start":{"line":427,"column":12},"end":{"line":432,"column":13}},"88":{"start":{"line":428,"column":16},"end":{"line":431,"column":19}},"89":{"start":{"line":434,"column":36},"end":{"line":438,"column":14}},"90":{"start":{"line":440,"column":12},"end":{"line":445,"column":13}},"91":{"start":{"line":441,"column":16},"end":{"line":444,"column":19}},"92":{"start":{"line":447,"column":12},"end":{"line":451,"column":15}},"93":{"start":{"line":453,"column":12},"end":{"line":453,"column":24}},"94":{"start":{"line":459,"column":8},"end":{"line":499,"column":9}},"95":{"start":{"line":460,"column":31},"end":{"line":460,"column":40}},"96":{"start":{"line":462,"column":26},"end":{"line":482,"column":13}},"97":{"start":{"line":484,"column":12},"end":{"line":489,"column":13}},"98":{"start":{"line":485,"column":16},"end":{"line":488,"column":18}},"99":{"start":{"line":491,"column":12},"end":{"line":495,"column":14}},"100":{"start":{"line":498,"column":12},"end":{"line":498,"column":23}},"101":{"start":{"line":506,"column":0},"end":{"line":506,"column":36}}},"fnMap":{"0":{"name":"(anonymous_0)","decl":{"start":{"line":11,"column":12},"end":{"line":11,"column":13}},"loc":{"start":{"line":11,"column":36},"end":{"line":89,"column":5}},"line":11},"1":{"name":"(anonymous_1)","decl":{"start":{"line":91,"column":13},"end":{"line":91,"column":14}},"loc":{"start":{"line":91,"column":37},"end":{"line":130,"column":5}},"line":91},"2":{"name":"(anonymous_2)","decl":{"start":{"line":132,"column":16},"end":{"line":132,"column":17}},"loc":{"start":{"line":132,"column":40},"end":{"line":168,"column":5}},"line":132},"3":{"name":"(anonymous_3)","decl":{"start":{"line":170,"column":11},"end":{"line":170,"column":12}},"loc":{"start":{"line":170,"column":35},"end":{"line":216,"column":5}},"line":170},"4":{"name":"(anonymous_4)","decl":{"start":{"line":218,"column":14},"end":{"line":218,"column":15}},"loc":{"start":{"line":218,"column":38},"end":{"line":292,"column":5}},"line":218},"5":{"name":"(anonymous_5)","decl":{"start":{"line":294,"column":14},"end":{"line":294,"column":15}},"loc":{"start":{"line":294,"column":38},"end":{"line":341,"column":5}},"line":294},"6":{"name":"(anonymous_6)","decl":{"start":{"line":343,"column":15},"end":{"line":343,"column":16}},"loc":{"start":{"line":343,"column":39},"end":{"line":418,"column":5}},"line":343},"7":{"name":"(anonymous_7)","decl":{"start":{"line":420,"column":14},"end":{"line":420,"column":15}},"loc":{"start":{"line":420,"column":40},"end":{"line":455,"column":5}},"line":420},"8":{"name":"(anonymous_8)","decl":{"start":{"line":457,"column":15},"end":{"line":457,"column":16}},"loc":{"start":{"line":457,"column":39},"end":{"line":503,"column":5}},"line":457}},"branchMap":{"0":{"loc":{"start":{"line":15,"column":12},"end":{"line":83,"column":13}},"type":"if","locations":[{"start":{"line":15,"column":12},"end":{"line":83,"column":13}},{"start":{"line":54,"column":17},"end":{"line":83,"column":13}}],"line":15},"1":{"loc":{"start":{"line":40,"column":16},"end":{"line":45,"column":17}},"type":"if","locations":[{"start":{"line":40,"column":16},"end":{"line":45,"column":17}},{"start":{},"end":{}}],"line":40},"2":{"loc":{"start":{"line":113,"column":11},"end":{"line":118,"column":12}},"type":"if","locations":[{"start":{"line":113,"column":11},"end":{"line":118,"column":12}},{"start":{},"end":{}}],"line":113},"3":{"loc":{"start":{"line":176,"column":12},"end":{"line":181,"column":13}},"type":"if","locations":[{"start":{"line":176,"column":12},"end":{"line":181,"column":13}},{"start":{},"end":{}}],"line":176},"4":{"loc":{"start":{"line":183,"column":12},"end":{"line":193,"column":13}},"type":"if","locations":[{"start":{"line":183,"column":12},"end":{"line":193,"column":13}},{"start":{},"end":{}}],"line":183},"5":{"loc":{"start":{"line":186,"column":16},"end":{"line":191,"column":17}},"type":"if","locations":[{"start":{"line":186,"column":16},"end":{"line":191,"column":17}},{"start":{},"end":{}}],"line":186},"6":{"loc":{"start":{"line":197,"column":29},"end":{"line":197,"column":71}},"type":"cond-expr","locations":[{"start":{"line":197,"column":55},"end":{"line":197,"column":57}},{"start":{"line":197,"column":60},"end":{"line":197,"column":71}}],"line":197},"7":{"loc":{"start":{"line":198,"column":23},"end":{"line":198,"column":52}},"type":"cond-expr","locations":[{"start":{"line":198,"column":43},"end":{"line":198,"column":44}},{"start":{"line":198,"column":47},"end":{"line":198,"column":52}}],"line":198},"8":{"loc":{"start":{"line":199,"column":23},"end":{"line":199,"column":52}},"type":"cond-expr","locations":[{"start":{"line":199,"column":43},"end":{"line":199,"column":44}},{"start":{"line":199,"column":47},"end":{"line":199,"column":52}}],"line":199},"9":{"loc":{"start":{"line":200,"column":27},"end":{"line":200,"column":66}},"type":"cond-expr","locations":[{"start":{"line":200,"column":52},"end":{"line":200,"column":53}},{"start":{"line":200,"column":56},"end":{"line":200,"column":66}}],"line":200},"10":{"loc":{"start":{"line":201,"column":28},"end":{"line":201,"column":66}},"type":"cond-expr","locations":[{"start":{"line":201,"column":51},"end":{"line":201,"column":55}},{"start":{"line":201,"column":58},"end":{"line":201,"column":66}}],"line":201},"11":{"loc":{"start":{"line":223,"column":12},"end":{"line":228,"column":13}},"type":"if","locations":[{"start":{"line":223,"column":12},"end":{"line":228,"column":13}},{"start":{},"end":{}}],"line":223},"12":{"loc":{"start":{"line":236,"column":12},"end":{"line":241,"column":13}},"type":"if","locations":[{"start":{"line":236,"column":12},"end":{"line":241,"column":13}},{"start":{},"end":{}}],"line":236},"13":{"loc":{"start":{"line":260,"column":12},"end":{"line":265,"column":13}},"type":"if","locations":[{"start":{"line":260,"column":12},"end":{"line":265,"column":13}},{"start":{},"end":{}}],"line":260},"14":{"loc":{"start":{"line":348,"column":12},"end":{"line":353,"column":13}},"type":"if","locations":[{"start":{"line":348,"column":12},"end":{"line":353,"column":13}},{"start":{},"end":{}}],"line":348},"15":{"loc":{"start":{"line":358,"column":12},"end":{"line":363,"column":13}},"type":"if","locations":[{"start":{"line":358,"column":12},"end":{"line":363,"column":13}},{"start":{},"end":{}}],"line":358},"16":{"loc":{"start":{"line":365,"column":12},"end":{"line":372,"column":13}},"type":"if","locations":[{"start":{"line":365,"column":12},"end":{"line":372,"column":13}},{"start":{},"end":{}}],"line":365},"17":{"loc":{"start":{"line":366,"column":16},"end":{"line":371,"column":17}},"type":"if","locations":[{"start":{"line":366,"column":16},"end":{"line":371,"column":17}},{"start":{},"end":{}}],"line":366},"18":{"loc":{"start":{"line":374,"column":23},"end":{"line":374,"column":61}},"type":"cond-expr","locations":[{"start":{"line":374,"column":43},"end":{"line":374,"column":53}},{"start":{"line":374,"column":56},"end":{"line":374,"column":61}}],"line":374},"19":{"loc":{"start":{"line":375,"column":29},"end":{"line":375,"column":85}},"type":"cond-expr","locations":[{"start":{"line":375,"column":55},"end":{"line":375,"column":71}},{"start":{"line":375,"column":74},"end":{"line":375,"column":85}}],"line":375},"20":{"loc":{"start":{"line":376,"column":24},"end":{"line":376,"column":62}},"type":"cond-expr","locations":[{"start":{"line":376,"column":44},"end":{"line":376,"column":54}},{"start":{"line":376,"column":57},"end":{"line":376,"column":62}}],"line":376},"21":{"loc":{"start":{"line":377,"column":30},"end":{"line":377,"column":86}},"type":"cond-expr","locations":[{"start":{"line":377,"column":56},"end":{"line":377,"column":72}},{"start":{"line":377,"column":75},"end":{"line":377,"column":86}}],"line":377},"22":{"loc":{"start":{"line":378,"column":28},"end":{"line":378,"column":81}},"type":"cond-expr","locations":[{"start":{"line":378,"column":53},"end":{"line":378,"column":68}},{"start":{"line":378,"column":71},"end":{"line":378,"column":81}}],"line":378},"23":{"loc":{"start":{"line":379,"column":23},"end":{"line":379,"column":61}},"type":"cond-expr","locations":[{"start":{"line":379,"column":43},"end":{"line":379,"column":53}},{"start":{"line":379,"column":56},"end":{"line":379,"column":61}}],"line":379},"24":{"loc":{"start":{"line":427,"column":12},"end":{"line":432,"column":13}},"type":"if","locations":[{"start":{"line":427,"column":12},"end":{"line":432,"column":13}},{"start":{},"end":{}}],"line":427},"25":{"loc":{"start":{"line":440,"column":12},"end":{"line":445,"column":13}},"type":"if","locations":[{"start":{"line":440,"column":12},"end":{"line":445,"column":13}},{"start":{},"end":{}}],"line":440},"26":{"loc":{"start":{"line":484,"column":12},"end":{"line":489,"column":13}},"type":"if","locations":[{"start":{"line":484,"column":12},"end":{"line":489,"column":13}},{"start":{},"end":{}}],"line":484}},"s":{"0":1,"1":1,"2":1,"3":1,"4":1,"5":1,"6":1,"7":0,"8":0,"9":0,"10":0,"11":0,"12":0,"13":0,"14":0,"15":0,"16":0,"17":0,"18":0,"19":0,"20":0,"21":0,"22":0,"23":0,"24":0,"25":0,"26":0,"27":0,"28":0,"29":0,"30":0,"31":0,"32":0,"33":0,"34":0,"35":0,"36":0,"37":0,"38":0,"39":0,"40":0,"41":0,"42":0,"43":0,"44":0,"45":0,"46":0,"47":0,"48":0,"49":0,"50":0,"51":0,"52":0,"53":0,"54":0,"55":0,"56":0,"57":0,"58":0,"59":0,"60":0,"61":0,"62":0,"63":0,"64":0,"65":0,"66":0,"67":0,"68":0,"69":0,"70":0,"71":0,"72":0,"73":0,"74":0,"75":0,"76":0,"77":0,"78":0,"79":0,"80":0,"81":0,"82":0,"83":0,"84":0,"85":0,"86":0,"87":0,"88":0,"89":0,"90":0,"91":0,"92":0,"93":0,"94":0,"95":0,"96":0,"97":0,"98":0,"99":0,"100":0,"101":1},"f":{"0":0,"1":0,"2":0,"3":0,"4":0,"5":0,"6":0,"7":0,"8":0},"b":{"0":[0,0],"1":[0,0],"2":[0,0],"3":[0,0],"4":[0,0],"5":[0,0],"6":[0,0],"7":[0,0],"8":[0,0],"9":[0,0],"10":[0,0],"11":[0,0],"12":[0,0],"13":[0,0],"14":[0,0],"15":[0,0],"16":[0,0],"17":[0,0],"18":[0,0],"19":[0,0],"20":[0,0],"21":[0,0],"22":[0,0],"23":[0,0],"24":[0,0],"25":[0,0],"26":[0,0]},"_coverageSchema":"1a1c01bbd47fc00a2c39e90264f33305004495a9","hash":"1f9865f5e335595fed43b89ad8f17576e4fdea3f"}
,"/Users/nicolasmartincaceres/Desktop/My ecommerce-project-4-main/Mi-ecommerce/api/controllers/usersController.js": {"path":"/Users/nicolasmartincaceres/Desktop/My ecommerce-project-4-main/Mi-ecommerce/api/controllers/usersController.js","statementMap":{"0":{"start":{"line":1,"column":15},"end":{"line":1,"column":32}},"1":{"start":{"line":2,"column":22},"end":{"line":2,"column":58}},"2":{"start":{"line":3,"column":11},"end":{"line":3,"column":40}},"3":{"start":{"line":4,"column":15},"end":{"line":4,"column":35}},"4":{"start":{"line":6,"column":24},"end":{"line":247,"column":1}},"5":{"start":{"line":9,"column":8},"end":{"line":22,"column":9}},"6":{"start":{"line":10,"column":24},"end":{"line":14,"column":13}},"7":{"start":{"line":15,"column":12},"end":{"line":19,"column":15}},"8":{"start":{"line":21,"column":12},"end":{"line":21,"column":24}},"9":{"start":{"line":27,"column":23},"end":{"line":27,"column":44}},"10":{"start":{"line":28,"column":8},"end":{"line":50,"column":9}},"11":{"start":{"line":29,"column":25},"end":{"line":34,"column":13}},"12":{"start":{"line":36,"column":12},"end":{"line":41,"column":13}},"13":{"start":{"line":37,"column":16},"end":{"line":40,"column":19}},"14":{"start":{"line":43,"column":12},"end":{"line":47,"column":15}},"15":{"start":{"line":49,"column":12},"end":{"line":49,"column":24}},"16":{"start":{"line":54,"column":32},"end":{"line":54,"column":40}},"17":{"start":{"line":55,"column":8},"end":{"line":108,"column":9}},"18":{"start":{"line":56,"column":30},"end":{"line":64,"column":13}},"19":{"start":{"line":65,"column":12},"end":{"line":81,"column":13}},"20":{"start":{"line":67,"column":16},"end":{"line":73,"column":17}},"21":{"start":{"line":69,"column":20},"end":{"line":72,"column":23}},"22":{"start":{"line":74,"column":16},"end":{"line":80,"column":17}},"23":{"start":{"line":76,"column":20},"end":{"line":79,"column":23}},"24":{"start":{"line":83,"column":25},"end":{"line":83,"column":72}},"25":{"start":{"line":86,"column":28},"end":{"line":94,"column":14}},"26":{"start":{"line":97,"column":12},"end":{"line":99,"column":14}},"27":{"start":{"line":101,"column":12},"end":{"line":105,"column":14}},"28":{"start":{"line":107,"column":12},"end":{"line":107,"column":24}},"29":{"start":{"line":112,"column":36},"end":{"line":112,"column":44}},"30":{"start":{"line":114,"column":8},"end":{"line":148,"column":9}},"31":{"start":{"line":115,"column":28},"end":{"line":117,"column":14}},"32":{"start":{"line":119,"column":30},"end":{"line":119,"column":35}},"33":{"start":{"line":120,"column":12},"end":{"line":120,"column":93}},"34":{"start":{"line":120,"column":27},"end":{"line":120,"column":92}},"35":{"start":{"line":122,"column":12},"end":{"line":128,"column":13}},"36":{"start":{"line":124,"column":16},"end":{"line":127,"column":18}},"37":{"start":{"line":130,"column":45},"end":{"line":133,"column":14}},"38":{"start":{"line":135,"column":26},"end":{"line":135,"column":80}},"39":{"start":{"line":137,"column":12},"end":{"line":145,"column":14}},"40":{"start":{"line":147,"column":12},"end":{"line":147,"column":23}},"41":{"start":{"line":152,"column":30},"end":{"line":152,"column":38}},"42":{"start":{"line":153,"column":23},"end":{"line":153,"column":44}},"43":{"start":{"line":155,"column":8},"end":{"line":220,"column":9}},"44":{"start":{"line":157,"column":30},"end":{"line":172,"column":13}},"45":{"start":{"line":173,"column":12},"end":{"line":189,"column":13}},"46":{"start":{"line":175,"column":16},"end":{"line":181,"column":17}},"47":{"start":{"line":177,"column":20},"end":{"line":180,"column":23}},"48":{"start":{"line":182,"column":16},"end":{"line":188,"column":17}},"49":{"start":{"line":184,"column":20},"end":{"line":187,"column":23}},"50":{"start":{"line":191,"column":12},"end":{"line":192,"column":93}},"51":{"start":{"line":192,"column":17},"end":{"line":192,"column":92}},"52":{"start":{"line":194,"column":25},"end":{"line":205,"column":13}},"53":{"start":{"line":207,"column":12},"end":{"line":207,"column":107}},"54":{"start":{"line":207,"column":33},"end":{"line":207,"column":105}},"55":{"start":{"line":209,"column":25},"end":{"line":214,"column":13}},"56":{"start":{"line":216,"column":12},"end":{"line":216,"column":95}},"57":{"start":{"line":219,"column":12},"end":{"line":219,"column":23}},"58":{"start":{"line":224,"column":23},"end":{"line":224,"column":44}},"59":{"start":{"line":226,"column":8},"end":{"line":245,"column":9}},"60":{"start":{"line":227,"column":25},"end":{"line":232,"column":13}},"61":{"start":{"line":234,"column":12},"end":{"line":234,"column":97}},"62":{"start":{"line":234,"column":23},"end":{"line":234,"column":96}},"63":{"start":{"line":236,"column":12},"end":{"line":238,"column":15}},"64":{"start":{"line":240,"column":12},"end":{"line":240,"column":101}},"65":{"start":{"line":244,"column":12},"end":{"line":244,"column":24}},"66":{"start":{"line":249,"column":0},"end":{"line":249,"column":33}}},"fnMap":{"0":{"name":"(anonymous_0)","decl":{"start":{"line":7,"column":15},"end":{"line":7,"column":16}},"loc":{"start":{"line":7,"column":46},"end":{"line":23,"column":5}},"line":7},"1":{"name":"(anonymous_1)","decl":{"start":{"line":25,"column":13},"end":{"line":25,"column":14}},"loc":{"start":{"line":25,"column":44},"end":{"line":51,"column":5}},"line":25},"2":{"name":"(anonymous_2)","decl":{"start":{"line":53,"column":16},"end":{"line":53,"column":17}},"loc":{"start":{"line":53,"column":47},"end":{"line":109,"column":5}},"line":53},"3":{"name":"(anonymous_3)","decl":{"start":{"line":111,"column":11},"end":{"line":111,"column":12}},"loc":{"start":{"line":111,"column":42},"end":{"line":149,"column":5}},"line":111},"4":{"name":"(anonymous_4)","decl":{"start":{"line":151,"column":16},"end":{"line":151,"column":17}},"loc":{"start":{"line":151,"column":47},"end":{"line":221,"column":5}},"line":151},"5":{"name":"(anonymous_5)","decl":{"start":{"line":223,"column":16},"end":{"line":223,"column":17}},"loc":{"start":{"line":223,"column":46},"end":{"line":246,"column":5}},"line":223}},"branchMap":{"0":{"loc":{"start":{"line":36,"column":12},"end":{"line":41,"column":13}},"type":"if","locations":[{"start":{"line":36,"column":12},"end":{"line":41,"column":13}},{"start":{},"end":{}}],"line":36},"1":{"loc":{"start":{"line":65,"column":12},"end":{"line":81,"column":13}},"type":"if","locations":[{"start":{"line":65,"column":12},"end":{"line":81,"column":13}},{"start":{},"end":{}}],"line":65},"2":{"loc":{"start":{"line":67,"column":16},"end":{"line":73,"column":17}},"type":"if","locations":[{"start":{"line":67,"column":16},"end":{"line":73,"column":17}},{"start":{},"end":{}}],"line":67},"3":{"loc":{"start":{"line":74,"column":16},"end":{"line":80,"column":17}},"type":"if","locations":[{"start":{"line":74,"column":16},"end":{"line":80,"column":17}},{"start":{},"end":{}}],"line":74},"4":{"loc":{"start":{"line":93,"column":28},"end":{"line":93,"column":89}},"type":"cond-expr","locations":[{"start":{"line":93,"column":56},"end":{"line":93,"column":82}},{"start":{"line":93,"column":85},"end":{"line":93,"column":89}}],"line":93},"5":{"loc":{"start":{"line":120,"column":12},"end":{"line":120,"column":93}},"type":"if","locations":[{"start":{"line":120,"column":12},"end":{"line":120,"column":93}},{"start":{},"end":{}}],"line":120},"6":{"loc":{"start":{"line":122,"column":12},"end":{"line":128,"column":13}},"type":"if","locations":[{"start":{"line":122,"column":12},"end":{"line":128,"column":13}},{"start":{},"end":{}}],"line":122},"7":{"loc":{"start":{"line":122,"column":15},"end":{"line":122,"column":41}},"type":"binary-expr","locations":[{"start":{"line":122,"column":15},"end":{"line":122,"column":25}},{"start":{"line":122,"column":29},"end":{"line":122,"column":41}}],"line":122},"8":{"loc":{"start":{"line":173,"column":12},"end":{"line":189,"column":13}},"type":"if","locations":[{"start":{"line":173,"column":12},"end":{"line":189,"column":13}},{"start":{},"end":{}}],"line":173},"9":{"loc":{"start":{"line":175,"column":16},"end":{"line":181,"column":17}},"type":"if","locations":[{"start":{"line":175,"column":16},"end":{"line":181,"column":17}},{"start":{},"end":{}}],"line":175},"10":{"loc":{"start":{"line":182,"column":16},"end":{"line":188,"column":17}},"type":"if","locations":[{"start":{"line":182,"column":16},"end":{"line":188,"column":17}},{"start":{},"end":{}}],"line":182},"11":{"loc":{"start":{"line":191,"column":12},"end":{"line":192,"column":93}},"type":"if","locations":[{"start":{"line":191,"column":12},"end":{"line":192,"column":93}},{"start":{},"end":{}}],"line":191},"12":{"loc":{"start":{"line":202,"column":32},"end":{"line":202,"column":93}},"type":"cond-expr","locations":[{"start":{"line":202,"column":60},"end":{"line":202,"column":86}},{"start":{"line":202,"column":89},"end":{"line":202,"column":93}}],"line":202},"13":{"loc":{"start":{"line":207,"column":12},"end":{"line":207,"column":107}},"type":"if","locations":[{"start":{"line":207,"column":12},"end":{"line":207,"column":107}},{"start":{},"end":{}}],"line":207},"14":{"loc":{"start":{"line":234,"column":12},"end":{"line":234,"column":97}},"type":"if","locations":[{"start":{"line":234,"column":12},"end":{"line":234,"column":97}},{"start":{},"end":{}}],"line":234}},"s":{"0":1,"1":1,"2":1,"3":1,"4":1,"5":0,"6":0,"7":0,"8":0,"9":0,"10":0,"11":0,"12":0,"13":0,"14":0,"15":0,"16":0,"17":0,"18":0,"19":0,"20":0,"21":0,"22":0,"23":0,"24":0,"25":0,"26":0,"27":0,"28":0,"29":0,"30":0,"31":0,"32":0,"33":0,"34":0,"35":0,"36":0,"37":0,"38":0,"39":0,"40":0,"41":0,"42":0,"43":0,"44":0,"45":0,"46":0,"47":0,"48":0,"49":0,"50":0,"51":0,"52":0,"53":0,"54":0,"55":0,"56":0,"57":0,"58":0,"59":0,"60":0,"61":0,"62":0,"63":0,"64":0,"65":0,"66":1},"f":{"0":0,"1":0,"2":0,"3":0,"4":0,"5":0},"b":{"0":[0,0],"1":[0,0],"2":[0,0],"3":[0,0],"4":[0,0],"5":[0,0],"6":[0,0],"7":[0,0],"8":[0,0],"9":[0,0],"10":[0,0],"11":[0,0],"12":[0,0],"13":[0,0],"14":[0,0]},"_coverageSchema":"1a1c01bbd47fc00a2c39e90264f33305004495a9","hash":"882f65a38178e9c0c3caeea32aa9cffd6c34f281"}
,"/Users/nicolasmartincaceres/Desktop/My ecommerce-project-4-main/Mi-ecommerce/api/database/config/config.js": {"path":"/Users/nicolasmartincaceres/Desktop/My ecommerce-project-4-main/Mi-ecommerce/api/database/config/config.js","statementMap":{"0":{"start":{"line":1,"column":0},"end":{"line":1,"column":27}},"1":{"start":{"line":3,"column":15},"end":{"line":28,"column":1}},"2":{"start":{"line":30,"column":0},"end":{"line":30,"column":24}}},"fnMap":{},"branchMap":{"0":{"loc":{"start":{"line":5,"column":14},"end":{"line":5,"column":43}},"type":"binary-expr","locations":[{"start":{"line":5,"column":14},"end":{"line":5,"column":33}},{"start":{"line":5,"column":37},"end":{"line":5,"column":43}}],"line":5},"1":{"loc":{"start":{"line":6,"column":14},"end":{"line":6,"column":41}},"type":"binary-expr","locations":[{"start":{"line":6,"column":14},"end":{"line":6,"column":33}},{"start":{"line":6,"column":37},"end":{"line":6,"column":41}}],"line":6},"2":{"loc":{"start":{"line":8,"column":10},"end":{"line":8,"column":44}},"type":"binary-expr","locations":[{"start":{"line":8,"column":10},"end":{"line":8,"column":29}},{"start":{"line":8,"column":33},"end":{"line":8,"column":44}}],"line":8},"3":{"loc":{"start":{"line":13,"column":14},"end":{"line":13,"column":43}},"type":"binary-expr","locations":[{"start":{"line":13,"column":14},"end":{"line":13,"column":33}},{"start":{"line":13,"column":37},"end":{"line":13,"column":43}}],"line":13},"4":{"loc":{"start":{"line":14,"column":14},"end":{"line":14,"column":41}},"type":"binary-expr","locations":[{"start":{"line":14,"column":14},"end":{"line":14,"column":33}},{"start":{"line":14,"column":37},"end":{"line":14,"column":41}}],"line":14},"5":{"loc":{"start":{"line":16,"column":10},"end":{"line":16,"column":44}},"type":"binary-expr","locations":[{"start":{"line":16,"column":10},"end":{"line":16,"column":29}},{"start":{"line":16,"column":33},"end":{"line":16,"column":44}}],"line":16}},"s":{"0":1,"1":1,"2":1},"f":{},"b":{"0":[1,0],"1":[1,0],"2":[1,0],"3":[1,0],"4":[1,0],"5":[1,0]},"_coverageSchema":"1a1c01bbd47fc00a2c39e90264f33305004495a9","hash":"435b97027e73ef6d6b6d373c97fd4a79f9afad90"}
,"/Users/nicolasmartincaceres/Desktop/My ecommerce-project-4-main/Mi-ecommerce/api/database/models/Cart.js": {"path":"/Users/nicolasmartincaceres/Desktop/My ecommerce-project-4-main/Mi-ecommerce/api/database/models/Cart.js","statementMap":{"0":{"start":{"line":1,"column":13},"end":{"line":43,"column":1}},"1":{"start":{"line":3,"column":18},"end":{"line":3,"column":24}},"2":{"start":{"line":4,"column":16},"end":{"line":19,"column":5}},"3":{"start":{"line":20,"column":23},"end":{"line":23,"column":9}},"4":{"start":{"line":25,"column":17},"end":{"line":25,"column":52}},"5":{"start":{"line":26,"column":4},"end":{"line":41,"column":5}},"6":{"start":{"line":28,"column":8},"end":{"line":32,"column":10}},"7":{"start":{"line":34,"column":8},"end":{"line":40,"column":10}},"8":{"start":{"line":42,"column":4},"end":{"line":42,"column":16}},"9":{"start":{"line":45,"column":0},"end":{"line":45,"column":22}}},"fnMap":{"0":{"name":"(anonymous_0)","decl":{"start":{"line":1,"column":13},"end":{"line":1,"column":14}},"loc":{"start":{"line":1,"column":39},"end":{"line":43,"column":1}},"line":1},"1":{"name":"(anonymous_1)","decl":{"start":{"line":26,"column":21},"end":{"line":26,"column":22}},"loc":{"start":{"line":26,"column":33},"end":{"line":41,"column":5}},"line":26}},"branchMap":{},"s":{"0":1,"1":1,"2":1,"3":1,"4":1,"5":1,"6":1,"7":1,"8":1,"9":1},"f":{"0":1,"1":1},"b":{},"_coverageSchema":"1a1c01bbd47fc00a2c39e90264f33305004495a9","hash":"b378532f055262f9f91db7826fa17a5754294be1"}
,"/Users/nicolasmartincaceres/Desktop/My ecommerce-project-4-main/Mi-ecommerce/api/database/models/CartProduct.js": {"path":"/Users/nicolasmartincaceres/Desktop/My ecommerce-project-4-main/Mi-ecommerce/api/database/models/CartProduct.js","statementMap":{"0":{"start":{"line":1,"column":20},"end":{"line":33,"column":1}},"1":{"start":{"line":3,"column":18},"end":{"line":3,"column":32}},"2":{"start":{"line":4,"column":16},"end":{"line":26,"column":5}},"3":{"start":{"line":27,"column":19},"end":{"line":30,"column":5}},"4":{"start":{"line":31,"column":24},"end":{"line":31,"column":59}},"5":{"start":{"line":32,"column":4},"end":{"line":32,"column":23}},"6":{"start":{"line":35,"column":0},"end":{"line":35,"column":28}}},"fnMap":{"0":{"name":"(anonymous_0)","decl":{"start":{"line":1,"column":20},"end":{"line":1,"column":21}},"loc":{"start":{"line":1,"column":46},"end":{"line":33,"column":1}},"line":1}},"branchMap":{},"s":{"0":1,"1":1,"2":1,"3":1,"4":1,"5":1,"6":1},"f":{"0":1},"b":{},"_coverageSchema":"1a1c01bbd47fc00a2c39e90264f33305004495a9","hash":"2b60d1b01013099627703a8e3760ceb29dd38a0e"}
,"/Users/nicolasmartincaceres/Desktop/My ecommerce-project-4-main/Mi-ecommerce/api/database/models/Category.js": {"path":"/Users/nicolasmartincaceres/Desktop/My ecommerce-project-4-main/Mi-ecommerce/api/database/models/Category.js","statementMap":{"0":{"start":{"line":1,"column":17},"end":{"line":30,"column":1}},"1":{"start":{"line":2,"column":18},"end":{"line":2,"column":28}},"2":{"start":{"line":4,"column":17},"end":{"line":16,"column":5}},"3":{"start":{"line":18,"column":19},"end":{"line":20,"column":5}},"4":{"start":{"line":22,"column":22},"end":{"line":22,"column":57}},"5":{"start":{"line":23,"column":8},"end":{"line":28,"column":9}},"6":{"start":{"line":24,"column":12},"end":{"line":27,"column":14}},"7":{"start":{"line":29,"column":4},"end":{"line":29,"column":21}},"8":{"start":{"line":32,"column":0},"end":{"line":32,"column":26}}},"fnMap":{"0":{"name":"(anonymous_0)","decl":{"start":{"line":1,"column":17},"end":{"line":1,"column":18}},"loc":{"start":{"line":1,"column":43},"end":{"line":30,"column":1}},"line":1},"1":{"name":"(anonymous_1)","decl":{"start":{"line":23,"column":30},"end":{"line":23,"column":31}},"loc":{"start":{"line":23,"column":42},"end":{"line":28,"column":9}},"line":23}},"branchMap":{},"s":{"0":1,"1":1,"2":1,"3":1,"4":1,"5":1,"6":1,"7":1,"8":1},"f":{"0":1,"1":1},"b":{},"_coverageSchema":"1a1c01bbd47fc00a2c39e90264f33305004495a9","hash":"af5722bb2e945a7fab4bc2c430c7755e5119e557"}
,"/Users/nicolasmartincaceres/Desktop/My ecommerce-project-4-main/Mi-ecommerce/api/database/models/Picture.js": {"path":"/Users/nicolasmartincaceres/Desktop/My ecommerce-project-4-main/Mi-ecommerce/api/database/models/Picture.js","statementMap":{"0":{"start":{"line":1,"column":0},"end":{"line":47,"column":2}},"1":{"start":{"line":2,"column":15},"end":{"line":2,"column":24}},"2":{"start":{"line":4,"column":14},"end":{"line":28,"column":2}},"3":{"start":{"line":30,"column":16},"end":{"line":34,"column":2}},"4":{"start":{"line":36,"column":17},"end":{"line":36,"column":54}},"5":{"start":{"line":38,"column":2},"end":{"line":44,"column":3}},"6":{"start":{"line":39,"column":4},"end":{"line":43,"column":7}},"7":{"start":{"line":46,"column":1},"end":{"line":46,"column":16}}},"fnMap":{"0":{"name":"(anonymous_0)","decl":{"start":{"line":1,"column":17},"end":{"line":1,"column":18}},"loc":{"start":{"line":1,"column":43},"end":{"line":47,"column":1}},"line":1},"1":{"name":"(anonymous_1)","decl":{"start":{"line":38,"column":22},"end":{"line":38,"column":23}},"loc":{"start":{"line":38,"column":39},"end":{"line":44,"column":3}},"line":38}},"branchMap":{},"s":{"0":1,"1":1,"2":1,"3":1,"4":1,"5":1,"6":1,"7":1},"f":{"0":1,"1":1},"b":{},"_coverageSchema":"1a1c01bbd47fc00a2c39e90264f33305004495a9","hash":"9128b67e03526b5fb50a1833c71a2e14862f88f8"}
,"/Users/nicolasmartincaceres/Desktop/My ecommerce-project-4-main/Mi-ecommerce/api/database/models/Product.js": {"path":"/Users/nicolasmartincaceres/Desktop/My ecommerce-project-4-main/Mi-ecommerce/api/database/models/Product.js","statementMap":{"0":{"start":{"line":1,"column":16},"end":{"line":73,"column":1}},"1":{"start":{"line":3,"column":16},"end":{"line":3,"column":25}},"2":{"start":{"line":5,"column":13},"end":{"line":45,"column":5}},"3":{"start":{"line":47,"column":15},"end":{"line":49,"column":5}},"4":{"start":{"line":51,"column":20},"end":{"line":51,"column":53}},"5":{"start":{"line":52,"column":8},"end":{"line":71,"column":9}},"6":{"start":{"line":54,"column":12},"end":{"line":58,"column":14}},"7":{"start":{"line":60,"column":12},"end":{"line":65,"column":14}},"8":{"start":{"line":67,"column":12},"end":{"line":70,"column":14}},"9":{"start":{"line":72,"column":4},"end":{"line":72,"column":19}},"10":{"start":{"line":75,"column":0},"end":{"line":75,"column":25}}},"fnMap":{"0":{"name":"(anonymous_0)","decl":{"start":{"line":1,"column":16},"end":{"line":1,"column":17}},"loc":{"start":{"line":1,"column":39},"end":{"line":73,"column":1}},"line":1},"1":{"name":"(anonymous_1)","decl":{"start":{"line":52,"column":28},"end":{"line":52,"column":29}},"loc":{"start":{"line":52,"column":38},"end":{"line":71,"column":9}},"line":52}},"branchMap":{},"s":{"0":1,"1":1,"2":1,"3":1,"4":1,"5":1,"6":1,"7":1,"8":1,"9":1,"10":1},"f":{"0":1,"1":1},"b":{},"_coverageSchema":"1a1c01bbd47fc00a2c39e90264f33305004495a9","hash":"9abb210e3fcef5737835c416116a2db6f5bdefba"}
,"/Users/nicolasmartincaceres/Desktop/My ecommerce-project-4-main/Mi-ecommerce/api/database/models/User.js": {"path":"/Users/nicolasmartincaceres/Desktop/My ecommerce-project-4-main/Mi-ecommerce/api/database/models/User.js","statementMap":{"0":{"start":{"line":1,"column":0},"end":{"line":59,"column":1}},"1":{"start":{"line":2,"column":18},"end":{"line":2,"column":24}},"2":{"start":{"line":3,"column":17},"end":{"line":41,"column":5}},"3":{"start":{"line":43,"column":19},"end":{"line":45,"column":5}},"4":{"start":{"line":47,"column":17},"end":{"line":47,"column":54}},"5":{"start":{"line":48,"column":4},"end":{"line":56,"column":5}},"6":{"start":{"line":50,"column":8},"end":{"line":54,"column":10}},"7":{"start":{"line":58,"column":4},"end":{"line":58,"column":16}}},"fnMap":{"0":{"name":"(anonymous_0)","decl":{"start":{"line":1,"column":17},"end":{"line":1,"column":18}},"loc":{"start":{"line":1,"column":43},"end":{"line":59,"column":1}},"line":1},"1":{"name":"(anonymous_1)","decl":{"start":{"line":48,"column":21},"end":{"line":48,"column":22}},"loc":{"start":{"line":48,"column":31},"end":{"line":56,"column":5}},"line":48}},"branchMap":{},"s":{"0":1,"1":1,"2":1,"3":1,"4":1,"5":1,"6":1,"7":1},"f":{"0":1,"1":1},"b":{},"_coverageSchema":"1a1c01bbd47fc00a2c39e90264f33305004495a9","hash":"0618460ba4ffbab02e0d4805377012e386c9837b"}
,"/Users/nicolasmartincaceres/Desktop/My ecommerce-project-4-main/Mi-ecommerce/api/database/models/index.js": {"path":"/Users/nicolasmartincaceres/Desktop/My ecommerce-project-4-main/Mi-ecommerce/api/database/models/index.js","statementMap":{"0":{"start":{"line":3,"column":11},"end":{"line":3,"column":24}},"1":{"start":{"line":4,"column":13},"end":{"line":4,"column":28}},"2":{"start":{"line":5,"column":18},"end":{"line":5,"column":38}},"3":{"start":{"line":6,"column":17},"end":{"line":6,"column":42}},"4":{"start":{"line":7,"column":12},"end":{"line":7,"column":49}},"5":{"start":{"line":8,"column":15},"end":{"line":8,"column":63}},"6":{"start":{"line":9,"column":11},"end":{"line":9,"column":13}},"7":{"start":{"line":12,"column":0},"end":{"line":16,"column":1}},"8":{"start":{"line":13,"column":2},"end":{"line":13,"column":74}},"9":{"start":{"line":15,"column":2},"end":{"line":15,"column":87}},"10":{"start":{"line":18,"column":0},"end":{"line":26,"column":5}},"11":{"start":{"line":21,"column":4},"end":{"line":21,"column":90}},"12":{"start":{"line":24,"column":18},"end":{"line":24,"column":85}},"13":{"start":{"line":25,"column":4},"end":{"line":25,"column":27}},"14":{"start":{"line":28,"column":0},"end":{"line":32,"column":3}},"15":{"start":{"line":29,"column":2},"end":{"line":31,"column":3}},"16":{"start":{"line":30,"column":4},"end":{"line":30,"column":32}},"17":{"start":{"line":34,"column":0},"end":{"line":34,"column":25}},"18":{"start":{"line":35,"column":0},"end":{"line":35,"column":25}},"19":{"start":{"line":37,"column":0},"end":{"line":37,"column":20}}},"fnMap":{"0":{"name":"(anonymous_0)","decl":{"start":{"line":20,"column":10},"end":{"line":20,"column":11}},"loc":{"start":{"line":20,"column":18},"end":{"line":22,"column":3}},"line":20},"1":{"name":"(anonymous_1)","decl":{"start":{"line":23,"column":11},"end":{"line":23,"column":12}},"loc":{"start":{"line":23,"column":19},"end":{"line":26,"column":3}},"line":23},"2":{"name":"(anonymous_2)","decl":{"start":{"line":28,"column":24},"end":{"line":28,"column":25}},"loc":{"start":{"line":28,"column":37},"end":{"line":32,"column":1}},"line":28}},"branchMap":{"0":{"loc":{"start":{"line":7,"column":12},"end":{"line":7,"column":49}},"type":"binary-expr","locations":[{"start":{"line":7,"column":12},"end":{"line":7,"column":32}},{"start":{"line":7,"column":36},"end":{"line":7,"column":49}}],"line":7},"1":{"loc":{"start":{"line":12,"column":0},"end":{"line":16,"column":1}},"type":"if","locations":[{"start":{"line":12,"column":0},"end":{"line":16,"column":1}},{"start":{"line":14,"column":7},"end":{"line":16,"column":1}}],"line":12},"2":{"loc":{"start":{"line":21,"column":11},"end":{"line":21,"column":89}},"type":"binary-expr","locations":[{"start":{"line":21,"column":12},"end":{"line":21,"column":35}},{"start":{"line":21,"column":41},"end":{"line":21,"column":58}},{"start":{"line":21,"column":64},"end":{"line":21,"column":88}}],"line":21},"3":{"loc":{"start":{"line":29,"column":2},"end":{"line":31,"column":3}},"type":"if","locations":[{"start":{"line":29,"column":2},"end":{"line":31,"column":3}},{"start":{},"end":{}}],"line":29}},"s":{"0":1,"1":1,"2":1,"3":1,"4":1,"5":1,"6":1,"7":1,"8":0,"9":1,"10":1,"11":8,"12":6,"13":6,"14":1,"15":6,"16":5,"17":1,"18":1,"19":1},"f":{"0":8,"1":6,"2":6},"b":{"0":[1,0],"1":[0,1],"2":[8,7,6],"3":[5,1]},"_coverageSchema":"1a1c01bbd47fc00a2c39e90264f33305004495a9","hash":"e513eb8030c87d0d033fa3e12bf0beeba414f4a5"}
,"/Users/nicolasmartincaceres/Desktop/My ecommerce-project-4-main/Mi-ecommerce/api/middlewares/errorHandler.js": {"path":"/Users/nicolasmartincaceres/Desktop/My ecommerce-project-4-main/Mi-ecommerce/api/middlewares/errorHandler.js","statementMap":{"0":{"start":{"line":2,"column":1},"end":{"line":2,"column":18}},"1":{"start":{"line":3,"column":1},"end":{"line":3,"column":11}},"2":{"start":{"line":7,"column":1},"end":{"line":10,"column":4}},"3":{"start":{"line":13,"column":0},"end":{"line":16,"column":2}}},"fnMap":{"0":{"name":"logErrors","decl":{"start":{"line":1,"column":9},"end":{"line":1,"column":18}},"loc":{"start":{"line":1,"column":40},"end":{"line":4,"column":1}},"line":1},"1":{"name":"clientErrorHandler","decl":{"start":{"line":6,"column":9},"end":{"line":6,"column":27}},"loc":{"start":{"line":6,"column":49},"end":{"line":11,"column":1}},"line":6}},"branchMap":{},"s":{"0":0,"1":0,"2":0,"3":1},"f":{"0":0,"1":0},"b":{},"_coverageSchema":"1a1c01bbd47fc00a2c39e90264f33305004495a9","hash":"c409c6e0c4fb875129aa1075a939cce3f1814a1e"}
,"/Users/nicolasmartincaceres/Desktop/My ecommerce-project-4-main/Mi-ecommerce/api/middlewares/productDataValidation.js": {"path":"/Users/nicolasmartincaceres/Desktop/My ecommerce-project-4-main/Mi-ecommerce/api/middlewares/productDataValidation.js","statementMap":{"0":{"start":{"line":2,"column":77},"end":{"line":2,"column":85}},"1":{"start":{"line":4,"column":4},"end":{"line":9,"column":5}},"2":{"start":{"line":5,"column":8},"end":{"line":8,"column":10}},"3":{"start":{"line":11,"column":4},"end":{"line":16,"column":5}},"4":{"start":{"line":12,"column":8},"end":{"line":15,"column":10}},"5":{"start":{"line":18,"column":4},"end":{"line":18,"column":11}},"6":{"start":{"line":21,"column":0},"end":{"line":21,"column":32}}},"fnMap":{"0":{"name":"dataValidation","decl":{"start":{"line":1,"column":9},"end":{"line":1,"column":23}},"loc":{"start":{"line":1,"column":39},"end":{"line":19,"column":1}},"line":1}},"branchMap":{"0":{"loc":{"start":{"line":4,"column":4},"end":{"line":9,"column":5}},"type":"if","locations":[{"start":{"line":4,"column":4},"end":{"line":9,"column":5}},{"start":{},"end":{}}],"line":4},"1":{"loc":{"start":{"line":4,"column":7},"end":{"line":4,"column":47}},"type":"binary-expr","locations":[{"start":{"line":4,"column":7},"end":{"line":4,"column":25}},{"start":{"line":4,"column":29},"end":{"line":4,"column":47}}],"line":4},"2":{"loc":{"start":{"line":11,"column":4},"end":{"line":16,"column":5}},"type":"if","locations":[{"start":{"line":11,"column":4},"end":{"line":16,"column":5}},{"start":{},"end":{}}],"line":11},"3":{"loc":{"start":{"line":11,"column":7},"end":{"line":11,"column":32}},"type":"binary-expr","locations":[{"start":{"line":11,"column":7},"end":{"line":11,"column":18}},{"start":{"line":11,"column":22},"end":{"line":11,"column":32}}],"line":11}},"s":{"0":0,"1":0,"2":0,"3":0,"4":0,"5":0,"6":1},"f":{"0":0},"b":{"0":[0,0],"1":[0,0],"2":[0,0],"3":[0,0]},"_coverageSchema":"1a1c01bbd47fc00a2c39e90264f33305004495a9","hash":"8c739733bb84a474da07f1c5af320b11105c98d1"}
,"/Users/nicolasmartincaceres/Desktop/My ecommerce-project-4-main/Mi-ecommerce/api/middlewares/roleVerification.js": {"path":"/Users/nicolasmartincaceres/Desktop/My ecommerce-project-4-main/Mi-ecommerce/api/middlewares/roleVerification.js","statementMap":{"0":{"start":{"line":3,"column":1},"end":{"line":6,"column":4}},"1":{"start":{"line":10,"column":1},"end":{"line":18,"column":3}},"2":{"start":{"line":11,"column":15},"end":{"line":11,"column":65}},"3":{"start":{"line":11,"column":37},"end":{"line":11,"column":64}},"4":{"start":{"line":13,"column":2},"end":{"line":17,"column":3}},"5":{"start":{"line":14,"column":3},"end":{"line":14,"column":16}},"6":{"start":{"line":16,"column":3},"end":{"line":16,"column":10}},"7":{"start":{"line":21,"column":0},"end":{"line":21,"column":34}}},"fnMap":{"0":{"name":"response","decl":{"start":{"line":2,"column":9},"end":{"line":2,"column":17}},"loc":{"start":{"line":2,"column":23},"end":{"line":7,"column":1}},"line":2},"1":{"name":"roleVerification","decl":{"start":{"line":9,"column":9},"end":{"line":9,"column":25}},"loc":{"start":{"line":9,"column":36},"end":{"line":19,"column":1}},"line":9},"2":{"name":"(anonymous_2)","decl":{"start":{"line":10,"column":8},"end":{"line":10,"column":9}},"loc":{"start":{"line":10,"column":28},"end":{"line":18,"column":2}},"line":10},"3":{"name":"(anonymous_3)","decl":{"start":{"line":11,"column":26},"end":{"line":11,"column":27}},"loc":{"start":{"line":11,"column":37},"end":{"line":11,"column":64}},"line":11}},"branchMap":{"0":{"loc":{"start":{"line":13,"column":2},"end":{"line":17,"column":3}},"type":"if","locations":[{"start":{"line":13,"column":2},"end":{"line":17,"column":3}},{"start":{"line":15,"column":7},"end":{"line":17,"column":3}}],"line":13}},"s":{"0":0,"1":9,"2":0,"3":0,"4":0,"5":0,"6":0,"7":1},"f":{"0":0,"1":9,"2":0,"3":0},"b":{"0":[0,0]},"_coverageSchema":"1a1c01bbd47fc00a2c39e90264f33305004495a9","hash":"fcd8c8c70cadd31a30b1b952f69fcb6541124597"}
,"/Users/nicolasmartincaceres/Desktop/My ecommerce-project-4-main/Mi-ecommerce/api/middlewares/userAuthMiddleware.js": {"path":"/Users/nicolasmartincaceres/Desktop/My ecommerce-project-4-main/Mi-ecommerce/api/middlewares/userAuthMiddleware.js","statementMap":{"0":{"start":{"line":1,"column":11},"end":{"line":1,"column":40}},"1":{"start":{"line":3,"column":27},"end":{"line":59,"column":1}},"2":{"start":{"line":5,"column":21},"end":{"line":5,"column":38}},"3":{"start":{"line":6,"column":8},"end":{"line":6,"column":63}},"4":{"start":{"line":6,"column":48},"end":{"line":6,"column":62}},"5":{"start":{"line":7,"column":8},"end":{"line":8,"column":52}},"6":{"start":{"line":12,"column":21},"end":{"line":12,"column":38}},"7":{"start":{"line":13,"column":19},"end":{"line":13,"column":39}},"8":{"start":{"line":14,"column":8},"end":{"line":14,"column":95}},"9":{"start":{"line":14,"column":80},"end":{"line":14,"column":94}},"10":{"start":{"line":15,"column":8},"end":{"line":16,"column":52}},"11":{"start":{"line":20,"column":8},"end":{"line":20,"column":15}},"12":{"start":{"line":24,"column":8},"end":{"line":24,"column":15}},"13":{"start":{"line":28,"column":8},"end":{"line":48,"column":9}},"14":{"start":{"line":29,"column":35},"end":{"line":29,"column":52}},"15":{"start":{"line":30,"column":33},"end":{"line":30,"column":53}},"16":{"start":{"line":31,"column":31},"end":{"line":31,"column":44}},"17":{"start":{"line":32,"column":29},"end":{"line":32,"column":50}},"18":{"start":{"line":34,"column":12},"end":{"line":34,"column":57}},"19":{"start":{"line":34,"column":42},"end":{"line":34,"column":56}},"20":{"start":{"line":35,"column":12},"end":{"line":43,"column":13}},"21":{"start":{"line":37,"column":16},"end":{"line":39,"column":34}},"22":{"start":{"line":39,"column":19},"end":{"line":39,"column":33}},"23":{"start":{"line":40,"column":16},"end":{"line":42,"column":34}},"24":{"start":{"line":42,"column":19},"end":{"line":42,"column":33}},"25":{"start":{"line":44,"column":12},"end":{"line":45,"column":64}},"26":{"start":{"line":53,"column":21},"end":{"line":53,"column":38}},"27":{"start":{"line":54,"column":19},"end":{"line":54,"column":39}},"28":{"start":{"line":55,"column":8},"end":{"line":55,"column":75}},"29":{"start":{"line":55,"column":60},"end":{"line":55,"column":74}},"30":{"start":{"line":56,"column":8},"end":{"line":57,"column":52}},"31":{"start":{"line":61,"column":0},"end":{"line":61,"column":36}}},"fnMap":{"0":{"name":"(anonymous_0)","decl":{"start":{"line":4,"column":15},"end":{"line":4,"column":16}},"loc":{"start":{"line":4,"column":41},"end":{"line":9,"column":5}},"line":4},"1":{"name":"(anonymous_1)","decl":{"start":{"line":11,"column":13},"end":{"line":11,"column":14}},"loc":{"start":{"line":11,"column":39},"end":{"line":17,"column":5}},"line":11},"2":{"name":"(anonymous_2)","decl":{"start":{"line":19,"column":16},"end":{"line":19,"column":17}},"loc":{"start":{"line":19,"column":42},"end":{"line":21,"column":5}},"line":19},"3":{"name":"(anonymous_3)","decl":{"start":{"line":23,"column":11},"end":{"line":23,"column":12}},"loc":{"start":{"line":23,"column":37},"end":{"line":25,"column":5}},"line":23},"4":{"name":"(anonymous_4)","decl":{"start":{"line":27,"column":16},"end":{"line":27,"column":17}},"loc":{"start":{"line":27,"column":42},"end":{"line":50,"column":5}},"line":27},"5":{"name":"(anonymous_5)","decl":{"start":{"line":52,"column":16},"end":{"line":52,"column":17}},"loc":{"start":{"line":52,"column":42},"end":{"line":58,"column":5}},"line":52}},"branchMap":{"0":{"loc":{"start":{"line":6,"column":8},"end":{"line":6,"column":63}},"type":"if","locations":[{"start":{"line":6,"column":8},"end":{"line":6,"column":63}},{"start":{},"end":{}}],"line":6},"1":{"loc":{"start":{"line":6,"column":11},"end":{"line":6,"column":45}},"type":"binary-expr","locations":[{"start":{"line":6,"column":11},"end":{"line":6,"column":27}},{"start":{"line":6,"column":31},"end":{"line":6,"column":45}}],"line":6},"2":{"loc":{"start":{"line":14,"column":8},"end":{"line":14,"column":95}},"type":"if","locations":[{"start":{"line":14,"column":8},"end":{"line":14,"column":95}},{"start":{},"end":{}}],"line":14},"3":{"loc":{"start":{"line":14,"column":11},"end":{"line":14,"column":77}},"type":"binary-expr","locations":[{"start":{"line":14,"column":11},"end":{"line":14,"column":27}},{"start":{"line":14,"column":31},"end":{"line":14,"column":45}},{"start":{"line":14,"column":49},"end":{"line":14,"column":77}}],"line":14},"4":{"loc":{"start":{"line":34,"column":12},"end":{"line":34,"column":57}},"type":"if","locations":[{"start":{"line":34,"column":12},"end":{"line":34,"column":57}},{"start":{},"end":{}}],"line":34},"5":{"loc":{"start":{"line":35,"column":12},"end":{"line":43,"column":13}},"type":"if","locations":[{"start":{"line":35,"column":12},"end":{"line":43,"column":13}},{"start":{},"end":{}}],"line":35},"6":{"loc":{"start":{"line":37,"column":16},"end":{"line":39,"column":34}},"type":"if","locations":[{"start":{"line":37,"column":16},"end":{"line":39,"column":34}},{"start":{},"end":{}}],"line":37},"7":{"loc":{"start":{"line":37,"column":19},"end":{"line":38,"column":68}},"type":"binary-expr","locations":[{"start":{"line":37,"column":19},"end":{"line":37,"column":45}},{"start":{"line":38,"column":19},"end":{"line":38,"column":41}},{"start":{"line":38,"column":45},"end":{"line":38,"column":67}}],"line":37},"8":{"loc":{"start":{"line":40,"column":16},"end":{"line":42,"column":34}},"type":"if","locations":[{"start":{"line":40,"column":16},"end":{"line":42,"column":34}},{"start":{},"end":{}}],"line":40},"9":{"loc":{"start":{"line":40,"column":19},"end":{"line":41,"column":40}},"type":"binary-expr","locations":[{"start":{"line":40,"column":19},"end":{"line":40,"column":45}},{"start":{"line":41,"column":18},"end":{"line":41,"column":40}}],"line":40},"10":{"loc":{"start":{"line":55,"column":8},"end":{"line":55,"column":75}},"type":"if","locations":[{"start":{"line":55,"column":8},"end":{"line":55,"column":75}},{"start":{},"end":{}}],"line":55},"11":{"loc":{"start":{"line":55,"column":11},"end":{"line":55,"column":57}},"type":"binary-expr","locations":[{"start":{"line":55,"column":11},"end":{"line":55,"column":25}},{"start":{"line":55,"column":29},"end":{"line":55,"column":57}}],"line":55}},"s":{"0":1,"1":1,"2":0,"3":0,"4":0,"5":0,"6":0,"7":0,"8":0,"9":0,"10":0,"11":0,"12":0,"13":0,"14":0,"15":0,"16":0,"17":0,"18":0,"19":0,"20":0,"21":0,"22":0,"23":0,"24":0,"25":0,"26":0,"27":0,"28":0,"29":0,"30":0,"31":1},"f":{"0":0,"1":0,"2":0,"3":0,"4":0,"5":0},"b":{"0":[0,0],"1":[0,0],"2":[0,0],"3":[0,0,0],"4":[0,0],"5":[0,0],"6":[0,0],"7":[0,0,0],"8":[0,0],"9":[0,0],"10":[0,0],"11":[0,0]},"_coverageSchema":"1a1c01bbd47fc00a2c39e90264f33305004495a9","hash":"e47bc9d7581f250a29dd8cf511e637587deec254"}
,"/Users/nicolasmartincaceres/Desktop/My ecommerce-project-4-main/Mi-ecommerce/api/middlewares/validatorHandler.js": {"path":"/Users/nicolasmartincaceres/Desktop/My ecommerce-project-4-main/Mi-ecommerce/api/middlewares/validatorHandler.js","statementMap":{"0":{"start":{"line":2,"column":2},"end":{"line":9,"column":4}},"1":{"start":{"line":3,"column":17},"end":{"line":3,"column":30}},"2":{"start":{"line":4,"column":22},"end":{"line":4,"column":43}},"3":{"start":{"line":5,"column":4},"end":{"line":7,"column":5}},"4":{"start":{"line":6,"column":6},"end":{"line":6,"column":75}},"5":{"start":{"line":8,"column":4},"end":{"line":8,"column":11}},"6":{"start":{"line":12,"column":0},"end":{"line":12,"column":34}}},"fnMap":{"0":{"name":"validatorHandler","decl":{"start":{"line":1,"column":9},"end":{"line":1,"column":25}},"loc":{"start":{"line":1,"column":44},"end":{"line":10,"column":1}},"line":1},"1":{"name":"(anonymous_1)","decl":{"start":{"line":2,"column":9},"end":{"line":2,"column":10}},"loc":{"start":{"line":2,"column":29},"end":{"line":9,"column":3}},"line":2}},"branchMap":{"0":{"loc":{"start":{"line":5,"column":4},"end":{"line":7,"column":5}},"type":"if","locations":[{"start":{"line":5,"column":4},"end":{"line":7,"column":5}},{"start":{},"end":{}}],"line":5}},"s":{"0":28,"1":0,"2":0,"3":0,"4":0,"5":0,"6":1},"f":{"0":28,"1":0},"b":{"0":[0,0]},"_coverageSchema":"1a1c01bbd47fc00a2c39e90264f33305004495a9","hash":"983963de6fc8239ff9628ed1313cb2117d7f08e1"}
,"/Users/nicolasmartincaceres/Desktop/My ecommerce-project-4-main/Mi-ecommerce/api/middlewares/verifyJWT.js": {"path":"/Users/nicolasmartincaceres/Desktop/My ecommerce-project-4-main/Mi-ecommerce/api/middlewares/verifyJWT.js","statementMap":{"0":{"start":{"line":1,"column":12},"end":{"line":1,"column":35}},"1":{"start":{"line":2,"column":31},"end":{"line":2,"column":42}},"2":{"start":{"line":4,"column":21},"end":{"line":12,"column":1}},"3":{"start":{"line":5,"column":1},"end":{"line":10,"column":2}},"4":{"start":{"line":9,"column":2},"end":{"line":9,"column":49}},"5":{"start":{"line":11,"column":1},"end":{"line":11,"column":13}},"6":{"start":{"line":14,"column":18},"end":{"line":37,"column":1}},"7":{"start":{"line":15,"column":1},"end":{"line":36,"column":2}},"8":{"start":{"line":18,"column":16},"end":{"line":18,"column":33}},"9":{"start":{"line":19,"column":2},"end":{"line":24,"column":3}},"10":{"start":{"line":20,"column":3},"end":{"line":23,"column":6}},"11":{"start":{"line":26,"column":18},"end":{"line":26,"column":55}},"12":{"start":{"line":28,"column":2},"end":{"line":28,"column":25}},"13":{"start":{"line":29,"column":2},"end":{"line":29,"column":9}},"14":{"start":{"line":31,"column":2},"end":{"line":31,"column":21}},"15":{"start":{"line":32,"column":2},"end":{"line":35,"column":5}},"16":{"start":{"line":39,"column":0},"end":{"line":39,"column":45}}},"fnMap":{"0":{"name":"(anonymous_0)","decl":{"start":{"line":4,"column":21},"end":{"line":4,"column":22}},"loc":{"start":{"line":4,"column":30},"end":{"line":12,"column":1}},"line":4},"1":{"name":"(anonymous_1)","decl":{"start":{"line":14,"column":18},"end":{"line":14,"column":19}},"loc":{"start":{"line":14,"column":38},"end":{"line":37,"column":1}},"line":14}},"branchMap":{"0":{"loc":{"start":{"line":5,"column":1},"end":{"line":10,"column":2}},"type":"if","locations":[{"start":{"line":5,"column":1},"end":{"line":10,"column":2}},{"start":{},"end":{}}],"line":5},"1":{"loc":{"start":{"line":6,"column":2},"end":{"line":7,"column":54}},"type":"binary-expr","locations":[{"start":{"line":6,"column":2},"end":{"line":6,"column":27}},{"start":{"line":7,"column":2},"end":{"line":7,"column":54}}],"line":6},"2":{"loc":{"start":{"line":19,"column":2},"end":{"line":24,"column":3}},"type":"if","locations":[{"start":{"line":19,"column":2},"end":{"line":24,"column":3}},{"start":{},"end":{}}],"line":19}},"s":{"0":1,"1":1,"2":1,"3":0,"4":0,"5":0,"6":1,"7":0,"8":0,"9":0,"10":0,"11":0,"12":0,"13":0,"14":0,"15":0,"16":1},"f":{"0":0,"1":0},"b":{"0":[0,0],"1":[0,0],"2":[0,0]},"_coverageSchema":"1a1c01bbd47fc00a2c39e90264f33305004495a9","hash":"6f9caa906cb35eeb3691dca0f1308c1319e09cdf"}
[...]
,"/Users/nicolasmartincaceres/Desktop/My ecommerce-project-4-main/Mi-ecommerce/api/routes/cartRoutes.js": {"path":"/Users/nicolasmartincaceres/Desktop/My ecommerce-project-4-main/Mi-ecommerce/api/routes/cartRoutes.js","statementMap":{"0":{"start":{"line":1,"column":16},"end":{"line":1,"column":34}},"1":{"start":{"line":2,"column":11},"end":{"line":2,"column":40}},"2":{"start":{"line":5,"column":31},"end":{"line":5,"column":71}},"3":{"start":{"line":7,"column":41},"end":{"line":7,"column":73}},"4":{"start":{"line":10,"column":20},"end":{"line":10,"column":55}},"5":{"start":{"line":11,"column":25},"end":{"line":11,"column":67}},"6":{"start":{"line":13,"column":15},"end":{"line":13,"column":31}},"7":{"start":{"line":14,"column":0},"end":{"line":14,"column":21}},"8":{"start":{"line":15,"column":0},"end":{"line":15,"column":75}},"9":{"start":{"line":16,"column":0},"end":{"line":16,"column":67}},"10":{"start":{"line":18,"column":0},"end":{"line":18,"column":24}}},"fnMap":{},"branchMap":{},"s":{"0":1,"1":1,"2":1,"3":1,"4":1,"5":1,"6":1,"7":1,"8":1,"9":1,"10":1},"f":{},"b":{},"_coverageSchema":"1a1c01bbd47fc00a2c39e90264f33305004495a9","hash":"9df4a8f4e0cb4a7e3170ff5e16e1d9b799613b86"}
,"/Users/nicolasmartincaceres/Desktop/My ecommerce-project-4-main/Mi-ecommerce/api/routes/categoryRoutes.js": {"path":"/Users/nicolasmartincaceres/Desktop/My ecommerce-project-4-main/Mi-ecommerce/api/routes/categoryRoutes.js","statementMap":{"0":{"start":{"line":1,"column":16},"end":{"line":1,"column":34}},"1":{"start":{"line":2,"column":15},"end":{"line":2,"column":31}},"2":{"start":{"line":5,"column":29},"end":{"line":5,"column":64}},"3":{"start":{"line":6,"column":33},"end":{"line":6,"column":69}},"4":{"start":{"line":8,"column":27},"end":{"line":8,"column":70}},"5":{"start":{"line":10,"column":25},"end":{"line":10,"column":67}},"6":{"start":{"line":11,"column":25},"end":{"line":11,"column":67}},"7":{"start":{"line":12,"column":22},"end":{"line":12,"column":57}},"8":{"start":{"line":13,"column":0},"end":{"line":13,"column":22}},"9":{"start":{"line":15,"column":0},"end":{"line":19,"column":2}},"10":{"start":{"line":20,"column":0},"end":{"line":25,"column":2}},"11":{"start":{"line":26,"column":0},"end":{"line":31,"column":2}},"12":{"start":{"line":32,"column":0},"end":{"line":38,"column":2}},"13":{"start":{"line":39,"column":0},"end":{"line":39,"column":24}}},"fnMap":{},"branchMap":{},"s":{"0":1,"1":1,"2":1,"3":1,"4":1,"5":1,"6":1,"7":1,"8":1,"9":1,"10":1,"11":1,"12":1,"13":1},"f":{},"b":{},"_coverageSchema":"1a1c01bbd47fc00a2c39e90264f33305004495a9","hash":"7bf64bdadc380063038c09d050caff9585b9c7e9"}
,"/Users/nicolasmartincaceres/Desktop/My ecommerce-project-4-main/Mi-ecommerce/api/routes/picturesRoutes.js": {"path":"/Users/nicolasmartincaceres/Desktop/My ecommerce-project-4-main/Mi-ecommerce/api/routes/picturesRoutes.js","statementMap":{"0":{"start":{"line":1,"column":16},"end":{"line":1,"column":34}},"1":{"start":{"line":2,"column":11},"end":{"line":2,"column":40}},"2":{"start":{"line":9,"column":4},"end":{"line":9,"column":48}},"3":{"start":{"line":14,"column":4},"end":{"line":14,"column":40}},"4":{"start":{"line":15,"column":29},"end":{"line":15,"column":64}},"5":{"start":{"line":18,"column":22},"end":{"line":18,"column":57}},"6":{"start":{"line":19,"column":25},"end":{"line":19,"column":67}},"7":{"start":{"line":20,"column":25},"end":{"line":20,"column":67}},"8":{"start":{"line":22,"column":15},"end":{"line":22,"column":31}},"9":{"start":{"line":24,"column":0},"end":{"line":24,"column":22}},"10":{"start":{"line":26,"column":0},"end":{"line":31,"column":2}},"11":{"start":{"line":33,"column":0},"end":{"line":38,"column":2}},"12":{"start":{"line":40,"column":0},"end":{"line":45,"column":2}},"13":{"start":{"line":47,"column":0},"end":{"line":53,"column":2}},"14":{"start":{"line":55,"column":0},"end":{"line":60,"column":2}},"15":{"start":{"line":62,"column":0},"end":{"line":62,"column":24}}},"fnMap":{},"branchMap":{},"s":{"0":1,"1":1,"2":1,"3":1,"4":1,"5":1,"6":1,"7":1,"8":1,"9":1,"10":1,"11":1,"12":1,"13":1,"14":1,"15":1},"f":{},"b":{},"_coverageSchema":"1a1c01bbd47fc00a2c39e90264f33305004495a9","hash":"1205eced9ef44190344f0bf99475062beb07f997"}
,"/Users/nicolasmartincaceres/Desktop/My ecommerce-project-4-main/Mi-ecommerce/api/routes/productsRoutes.js": {"path":"/Users/nicolasmartincaceres/Desktop/My ecommerce-project-4-main/Mi-ecommerce/api/routes/productsRoutes.js","statementMap":{"0":{"start":{"line":1,"column":16},"end":{"line":1,"column":34}},"1":{"start":{"line":2,"column":15},"end":{"line":2,"column":31}},"2":{"start":{"line":3,"column":27},"end":{"line":3,"column":71}},"3":{"start":{"line":4,"column":23},"end":{"line":4,"column":70}},"4":{"start":{"line":5,"column":22},"end":{"line":5,"column":57}},"5":{"start":{"line":11,"column":4},"end":{"line":11,"column":40}},"6":{"start":{"line":12,"column":29},"end":{"line":12,"column":64}},"7":{"start":{"line":13,"column":25},"end":{"line":13,"column":67}},"8":{"start":{"line":15,"column":0},"end":{"line":15,"column":22}},"9":{"start":{"line":17,"column":0},"end":{"line":19,"column":27}},"10":{"start":{"line":21,"column":0},"end":{"line":21,"column":57}},"11":{"start":{"line":23,"column":0},"end":{"line":27,"column":2}},"12":{"start":{"line":29,"column":0},"end":{"line":33,"column":2}},"13":{"start":{"line":35,"column":0},"end":{"line":39,"column":2}},"14":{"start":{"line":41,"column":0},"end":{"line":45,"column":2}},"15":{"start":{"line":47,"column":0},"end":{"line":51,"column":2}},"16":{"start":{"line":53,"column":0},"end":{"line":58,"column":2}},"17":{"start":{"line":60,"column":0},"end":{"line":60,"column":24}}},"fnMap":{},"branchMap":{},"s":{"0":1,"1":1,"2":1,"3":1,"4":1,"5":1,"6":1,"7":1,"8":1,"9":1,"10":1,"11":1,"12":1,"13":1,"14":1,"15":1,"16":1,"17":1},"f":{},"b":{},"_coverageSchema":"1a1c01bbd47fc00a2c39e90264f33305004495a9","hash":"a3d3f56dfd7fde4dd5aed04d0bc8ad802b24eae4"}
,"/Users/nicolasmartincaceres/Desktop/My ecommerce-project-4-main/Mi-ecommerce/api/routes/usersRoutes.js": {"path":"/Users/nicolasmartincaceres/Desktop/My ecommerce-project-4-main/Mi-ecommerce/api/routes/usersRoutes.js","statementMap":{"0":{"start":{"line":1,"column":16},"end":{"line":1,"column":34}},"1":{"start":{"line":2,"column":24},"end":{"line":2,"column":65}},"2":{"start":{"line":4,"column":31},"end":{"line":4,"column":71}},"3":{"start":{"line":5,"column":29},"end":{"line":5,"column":64}},"4":{"start":{"line":9,"column":4},"end":{"line":9,"column":37}},"5":{"start":{"line":12,"column":22},"end":{"line":12,"column":57}},"6":{"start":{"line":13,"column":25},"end":{"line":13,"column":67}},"7":{"start":{"line":14,"column":27},"end":{"line":14,"column":71}},"8":{"start":{"line":16,"column":15},"end":{"line":16,"column":31}},"9":{"start":{"line":18,"column":0},"end":{"line":22,"column":2}},"10":{"start":{"line":23,"column":0},"end":{"line":27,"column":2}},"11":{"start":{"line":29,"column":0},"end":{"line":29,"column":22}},"12":{"start":{"line":31,"column":0},"end":{"line":31,"column":73}},"13":{"start":{"line":33,"column":0},"end":{"line":38,"column":2}},"14":{"start":{"line":40,"column":0},"end":{"line":46,"column":2}},"15":{"start":{"line":48,"column":0},"end":{"line":53,"column":2}},"16":{"start":{"line":55,"column":0},"end":{"line":59,"column":2}},"17":{"start":{"line":60,"column":0},"end":{"line":64,"column":2}},"18":{"start":{"line":66,"column":0},"end":{"line":66,"column":24}}},"fnMap":{},"branchMap":{},"s":{"0":1,"1":1,"2":1,"3":1,"4":1,"5":1,"6":1,"7":1,"8":1,"9":1,"10":1,"11":1,"12":1,"13":1,"14":1,"15":1,"16":1,"17":1,"18":1},"f":{},"b":{},"_coverageSchema":"1a1c01bbd47fc00a2c39e90264f33305004495a9","hash":"ab11c5830d83820ca969e5518047bf97ea4734fd"}
,"/Users/nicolasmartincaceres/Desktop/My ecommerce-project-4-main/Mi-ecommerce/api/schemas/cartSchema.js": {"path":"/Users/nicolasmartincaceres/Desktop/My ecommerce-project-4-main/Mi-ecommerce/api/schemas/cartSchema.js","statementMap":{"0":{"start":{"line":1,"column":12},"end":{"line":1,"column":26}},"1":{"start":{"line":3,"column":11},"end":{"line":7,"column":2}},"2":{"start":{"line":9,"column":17},"end":{"line":12,"column":2}},"3":{"start":{"line":14,"column":25},"end":{"line":16,"column":2}},"4":{"start":{"line":18,"column":19},"end":{"line":21,"column":2}},"5":{"start":{"line":23,"column":0},"end":{"line":23,"column":50}}},"fnMap":{},"branchMap":{},"s":{"0":1,"1":1,"2":1,"3":1,"4":1,"5":1},"f":{},"b":{},"_coverageSchema":"1a1c01bbd47fc00a2c39e90264f33305004495a9","hash":"ac748b25238d4c1f3df013b8b92c178cca41772c"}
,"/Users/nicolasmartincaceres/Desktop/My ecommerce-project-4-main/Mi-ecommerce/api/schemas/categorySchema.js": {"path":"/Users/nicolasmartincaceres/Desktop/My ecommerce-project-4-main/Mi-ecommerce/api/schemas/categorySchema.js","statementMap":{"0":{"start":{"line":1,"column":12},"end":{"line":1,"column":26}},"1":{"start":{"line":3,"column":13},"end":{"line":7,"column":4}},"2":{"start":{"line":8,"column":31},"end":{"line":10,"column":4}},"3":{"start":{"line":12,"column":2},"end":{"line":12,"column":42}}},"fnMap":{},"branchMap":{},"s":{"0":1,"1":1,"2":1,"3":1},"f":{},"b":{},"_coverageSchema":"1a1c01bbd47fc00a2c39e90264f33305004495a9","hash":"0502acc57986f414482db2dee0efb46c5658f611"}
,"/Users/nicolasmartincaceres/Desktop/My ecommerce-project-4-main/Mi-ecommerce/api/schemas/genericSchema.js": {"path":"/Users/nicolasmartincaceres/Desktop/My ecommerce-project-4-main/Mi-ecommerce/api/schemas/genericSchema.js","statementMap":{"0":{"start":{"line":1,"column":12},"end":{"line":1,"column":26}},"1":{"start":{"line":3,"column":11},"end":{"line":7,"column":2}},"2":{"start":{"line":9,"column":25},"end":{"line":11,"column":2}},"3":{"start":{"line":13,"column":0},"end":{"line":13,"column":38}}},"fnMap":{},"branchMap":{},"s":{"0":1,"1":1,"2":1,"3":1},"f":{},"b":{},"_coverageSchema":"1a1c01bbd47fc00a2c39e90264f33305004495a9","hash":"cd99bab7af1bd688606e08e8b189e050d78dd332"}
,"/Users/nicolasmartincaceres/Desktop/My ecommerce-project-4-main/Mi-ecommerce/api/schemas/picturesSchema.js": {"path":"/Users/nicolasmartincaceres/Desktop/My ecommerce-project-4-main/Mi-ecommerce/api/schemas/picturesSchema.js","statementMap":{"0":{"start":{"line":1,"column":12},"end":{"line":1,"column":26}},"1":{"start":{"line":3,"column":11},"end":{"line":7,"column":2}},"2":{"start":{"line":9,"column":12},"end":{"line":12,"column":55}},"3":{"start":{"line":14,"column":20},"end":{"line":22,"column":3}},"4":{"start":{"line":24,"column":33},"end":{"line":26,"column":2}},"5":{"start":{"line":28,"column":21},"end":{"line":32,"column":2}},"6":{"start":{"line":34,"column":21},"end":{"line":37,"column":2}},"7":{"start":{"line":40,"column":0},"end":{"line":40,"column":73}}},"fnMap":{},"branchMap":{},"s":{"0":1,"1":1,"2":1,"3":1,"4":1,"5":1,"6":1,"7":1},"f":{},"b":{},"_coverageSchema":"1a1c01bbd47fc00a2c39e90264f33305004495a9","hash":"65ae345865d437e4dcdb068e6d8ca68fde2ed065"}
,"/Users/nicolasmartincaceres/Desktop/My ecommerce-project-4-main/Mi-ecommerce/api/schemas/productsSchema.js": {"path":"/Users/nicolasmartincaceres/Desktop/My ecommerce-project-4-main/Mi-ecommerce/api/schemas/productsSchema.js","statementMap":{"0":{"start":{"line":1,"column":12},"end":{"line":1,"column":26}},"1":{"start":{"line":3,"column":14},"end":{"line":7,"column":2}},"2":{"start":{"line":9,"column":14},"end":{"line":12,"column":2}},"3":{"start":{"line":14,"column":20},"end":{"line":18,"column":2}},"4":{"start":{"line":20,"column":17},"end":{"line":23,"column":2}},"5":{"start":{"line":26,"column":19},"end":{"line":28,"column":2}},"6":{"start":{"line":30,"column":14},"end":{"line":34,"column":2}},"7":{"start":{"line":37,"column":10},"end":{"line":42,"column":2}},"8":{"start":{"line":44,"column":28},"end":{"line":51,"column":2}},"9":{"start":{"line":53,"column":28},"end":{"line":65,"column":3}},"10":{"start":{"line":67,"column":28},"end":{"line":69,"column":2}},"11":{"start":{"line":71,"column":29},"end":{"line":73,"column":2}},"12":{"start":{"line":75,"column":0},"end":{"line":80,"column":2}}},"fnMap":{},"branchMap":{},"s":{"0":1,"1":1,"2":1,"3":1,"4":1,"5":1,"6":1,"7":1,"8":1,"9":1,"10":1,"11":1,"12":1},"f":{},"b":{},"_coverageSchema":"1a1c01bbd47fc00a2c39e90264f33305004495a9","hash":"cffd339bcee6f7e2762937bebe7e2df9a2408f05"}
,"/Users/nicolasmartincaceres/Desktop/My ecommerce-project-4-main/Mi-ecommerce/api/schemas/usersSchema.js": {"path":"/Users/nicolasmartincaceres/Desktop/My ecommerce-project-4-main/Mi-ecommerce/api/schemas/usersSchema.js","statementMap":{"0":{"start":{"line":1,"column":12},"end":{"line":1,"column":26}},"1":{"start":{"line":3,"column":11},"end":{"line":7,"column":2}},"2":{"start":{"line":9,"column":14},"end":{"line":11,"column":2}},"3":{"start":{"line":13,"column":17},"end":{"line":17,"column":2}},"4":{"start":{"line":31,"column":17},"end":{"line":35,"column":2}},"5":{"start":{"line":37,"column":18},"end":{"line":39,"column":2}},"6":{"start":{"line":41,"column":17},"end":{"line":43,"column":2}},"7":{"start":{"line":45,"column":19},"end":{"line":47,"column":2}},"8":{"start":{"line":49,"column":13},"end":{"line":52,"column":2}},"9":{"start":{"line":61,"column":34},"end":{"line":78,"column":2}},"10":{"start":{"line":80,"column":20},"end":{"line":87,"column":2}},"11":{"start":{"line":89,"column":0},"end":{"line":89,"column":60}}},"fnMap":{},"branchMap":{},"s":{"0":1,"1":1,"2":1,"3":1,"4":1,"5":1,"6":1,"7":1,"8":1,"9":1,"10":1,"11":1},"f":{},"b":{},"_coverageSchema":"1a1c01bbd47fc00a2c39e90264f33305004495a9","hash":"b9505019906e22b61780508d1d1946d172dde3ae"}
,"/Users/nicolasmartincaceres/Desktop/My ecommerce-project-4-main/Mi-ecommerce/api/test/helpers.js": {"path":"/Users/nicolasmartincaceres/Desktop/My ecommerce-project-4-main/Mi-ecommerce/api/test/helpers.js","statementMap":{"0":{"start":{"line":1,"column":24},"end":{"line":1,"column":60}},"1":{"start":{"line":3,"column":14},"end":{"line":3,"column":47}},"2":{"start":{"line":4,"column":17},"end":{"line":4,"column":54}},"3":{"start":{"line":5,"column":19},"end":{"line":5,"column":58}},"4":{"start":{"line":6,"column":17},"end":{"line":6,"column":54}},"5":{"start":{"line":7,"column":21},"end":{"line":7,"column":61}},"6":{"start":{"line":8,"column":11},"end":{"line":8,"column":40}},"7":{"start":{"line":10,"column":22},"end":{"line":14,"column":1}},"8":{"start":{"line":11,"column":1},"end":{"line":13,"column":4}},"9":{"start":{"line":17,"column":1},"end":{"line":27,"column":2}},"10":{"start":{"line":18,"column":2},"end":{"line":26,"column":5}},"11":{"start":{"line":28,"column":16},"end":{"line":30,"column":3}},"12":{"start":{"line":31,"column":21},"end":{"line":31,"column":55}},"13":{"start":{"line":31,"column":42},"end":{"line":31,"column":54}},"14":{"start":{"line":34,"column":1},"end":{"line":39,"column":2}},"15":{"start":{"line":35,"column":2},"end":{"line":38,"column":5}},"16":{"start":{"line":41,"column":1},"end":{"line":45,"column":2}},"17":{"start":{"line":42,"column":2},"end":{"line":44,"column":5}},"18":{"start":{"line":47,"column":1},"end":{"line":56,"column":2}},"19":{"start":{"line":48,"column":2},"end":{"line":55,"column":5}},"20":{"start":{"line":58,"column":1},"end":{"line":63,"column":2}},"21":{"start":{"line":59,"column":2},"end":{"line":62,"column":5}},"22":{"start":{"line":65,"column":1},"end":{"line":73,"column":2}},"23":{"start":{"line":66,"column":2},"end":{"line":72,"column":5}},"24":{"start":{"line":76,"column":0},"end":{"line":76,"column":42}}},"fnMap":{"0":{"name":"(anonymous_0)","decl":{"start":{"line":10,"column":22},"end":{"line":10,"column":23}},"loc":{"start":{"line":10,"column":38},"end":{"line":14,"column":1}},"line":10},"1":{"name":"carga","decl":{"start":{"line":16,"column":15},"end":{"line":16,"column":20}},"loc":{"start":{"line":16,"column":22},"end":{"line":74,"column":1}},"line":16},"2":{"name":"(anonymous_2)","decl":{"start":{"line":31,"column":32},"end":{"line":31,"column":33}},"loc":{"start":{"line":31,"column":42},"end":{"line":31,"column":54}},"line":31}},"branchMap":{},"s":{"0":1,"1":1,"2":1,"3":1,"4":1,"5":1,"6":1,"7":1,"8":0,"9":1,"10":1,"11":0,"12":0,"13":0,"14":0,"15":0,"16":0,"17":0,"18":0,"19":0,"20":0,"21":0,"22":0,"23":0,"24":1},"f":{"0":0,"1":1,"2":0},"b":{},"_coverageSchema":"1a1c01bbd47fc00a2c39e90264f33305004495a9","hash":"2d3736badf8f0458012566f176b373f12faec4df"}
,"/Users/nicolasmartincaceres/Desktop/My ecommerce-project-4-main/Mi-ecommerce/helpers/filesHelpers.js": {"path":"/Users/nicolasmartincaceres/Desktop/My ecommerce-project-4-main/Mi-ecommerce/helpers/filesHelpers.js","statementMap":{"0":{"start":{"line":1,"column":11},"end":{"line":1,"column":44}},"1":{"start":{"line":4,"column":18},"end":{"line":12,"column":1}},"2":{"start":{"line":5,"column":11},"end":{"line":5,"column":35}},"3":{"start":{"line":7,"column":1},"end":{"line":9,"column":2}},"4":{"start":{"line":8,"column":2},"end":{"line":8,"column":14}},"5":{"start":{"line":11,"column":1},"end":{"line":11,"column":14}},"6":{"start":{"line":14,"column":0},"end":{"line":16,"column":2}}},"fnMap":{"0":{"name":"(anonymous_0)","decl":{"start":{"line":4,"column":18},"end":{"line":4,"column":19}},"loc":{"start":{"line":4,"column":26},"end":{"line":12,"column":1}},"line":4}},"branchMap":{"0":{"loc":{"start":{"line":7,"column":1},"end":{"line":9,"column":2}},"type":"if","locations":[{"start":{"line":7,"column":1},"end":{"line":9,"column":2}},{"start":{},"end":{}}],"line":7}},"s":{"0":1,"1":1,"2":0,"3":0,"4":0,"5":0,"6":1},"f":{"0":0},"b":{"0":[0,0]},"_coverageSchema":"1a1c01bbd47fc00a2c39e90264f33305004495a9","hash":"46345e45ab92a91f8726cdc86fca6ce16e390bb9"}
,"/Users/nicolasmartincaceres/Desktop/My ecommerce-project-4-main/Mi-ecommerce/helpers/generateJWT.js": {"path":"/Users/nicolasmartincaceres/Desktop/My ecommerce-project-4-main/Mi-ecommerce/helpers/generateJWT.js","statementMap":{"0":{"start":{"line":1,"column":12},"end":{"line":1,"column":35}},"1":{"start":{"line":7,"column":20},"end":{"line":21,"column":1}},"2":{"start":{"line":8,"column":2},"end":{"line":20,"column":5}},"3":{"start":{"line":9,"column":4},"end":{"line":19,"column":7}},"4":{"start":{"line":14,"column":6},"end":{"line":18,"column":25}},"5":{"start":{"line":15,"column":8},"end":{"line":15,"column":25}},"6":{"start":{"line":16,"column":8},"end":{"line":16,"column":44}},"7":{"start":{"line":18,"column":11},"end":{"line":18,"column":25}},"8":{"start":{"line":23,"column":0},"end":{"line":23,"column":31}}},"fnMap":{"0":{"name":"(anonymous_0)","decl":{"start":{"line":7,"column":20},"end":{"line":7,"column":21}},"loc":{"start":{"line":7,"column":33},"end":{"line":21,"column":1}},"line":7},"1":{"name":"(anonymous_1)","decl":{"start":{"line":8,"column":21},"end":{"line":8,"column":22}},"loc":{"start":{"line":8,"column":42},"end":{"line":20,"column":3}},"line":8},"2":{"name":"(anonymous_2)","decl":{"start":{"line":13,"column":4},"end":{"line":13,"column":5}},"loc":{"start":{"line":13,"column":20},"end":{"line":19,"column":5}},"line":13}},"branchMap":{"0":{"loc":{"start":{"line":14,"column":6},"end":{"line":18,"column":25}},"type":"if","locations":[{"start":{"line":14,"column":6},"end":{"line":18,"column":25}},{"start":{"line":18,"column":11},"end":{"line":18,"column":25}}],"line":14}},"s":{"0":1,"1":1,"2":0,"3":0,"4":0,"5":0,"6":0,"7":0,"8":1},"f":{"0":0,"1":0,"2":0},"b":{"0":[0,0]},"_coverageSchema":"1a1c01bbd47fc00a2c39e90264f33305004495a9","hash":"6e412c132405a60f78c379d7ef12c2e58196df68"}
}
