TN:
SF:server.js
FN:48,(anonymous_0)
FNF:1
FNH:1
FNDA:1,(anonymous_0)
DA:1,1
DA:2,1
DA:3,1
DA:4,1
DA:7,1
DA:8,1
DA:9,1
DA:15,1
DA:18,1
DA:19,1
DA:20,1
DA:21,1
DA:22,1
DA:23,1
DA:24,1
DA:27,1
DA:28,1
DA:30,1
DA:34,1
DA:35,1
DA:36,1
DA:37,1
DA:38,1
DA:39,1
DA:40,1
DA:41,1
DA:45,1
DA:46,1
DA:48,1
DA:53,1
DA:57,1
LF:31
LH:31
BRF:0
BRH:0
end_of_record
TN:
SF:api/controllers/cargarDatosControler.js
FN:14,(anonymous_0)
FN:31,(anonymous_1)
FNF:2
FNH:0
FNDA:0,(anonymous_0)
FNDA:0,(anonymous_1)
DA:1,1
DA:5,1
DA:6,1
DA:7,1
DA:8,1
DA:9,1
DA:11,1
DA:15,0
DA:17,0
DA:18,0
DA:28,0
DA:31,0
DA:34,0
DA:35,0
DA:41,0
DA:42,0
DA:47,0
DA:48,0
DA:58,0
DA:59,0
DA:65,0
DA:66,0
DA:75,0
DA:80,0
DA:81,0
DA:85,1
LF:26
LH:8
BRF:0
BRH:0
end_of_record
TN:
SF:api/controllers/cartController.js
FN:5,(anonymous_0)
FN:44,(anonymous_1)
FNF:2
FNH:0
FNDA:0,(anonymous_0)
FNDA:0,(anonymous_1)
DA:1,1
DA:2,1
DA:5,1
DA:6,0
DA:7,0
DA:9,0
DA:10,0
DA:11,0
DA:12,0
DA:13,0
DA:18,0
DA:25,0
DA:32,0
DA:35,0
DA:44,1
DA:45,0
DA:46,0
DA:47,0
DA:48,0
DA:49,0
DA:50,0
DA:51,0
DA:52,0
DA:58,0
DA:60,0
DA:61,0
DA:67,0
DA:68,0
DA:83,0
DA:89,0
DA:90,0
DA:97,0
DA:98,0
DA:99,0
DA:104,0
DA:116,0
DA:117,0
DA:124,0
DA:130,0
DA:136,0
DA:140,0
DA:150,1
LF:42
LH:5
BRDA:9,0,0,0
BRDA:9,0,1,0
BRDA:9,1,0,0
BRDA:9,1,1,0
BRDA:9,1,2,0
BRDA:12,2,0,0
BRDA:12,2,1,0
BRDA:47,3,0,0
BRDA:47,3,1,0
BRDA:47,4,0,0
BRDA:47,4,1,0
BRDA:51,5,0,0
BRDA:51,5,1,0
BRDA:60,6,0,0
BRDA:60,6,1,0
BRDA:67,7,0,0
BRDA:67,7,1,0
BRDA:89,8,0,0
BRDA:89,8,1,0
BRDA:98,9,0,0
BRDA:98,9,1,0
BRF:21
BRH:0
end_of_record
TN:
SF:api/controllers/categoryControler.js
FN:3,(anonymous_0)
FN:15,(anonymous_1)
FN:38,(anonymous_2)
FN:62,(anonymous_3)
FNF:4
FNH:0
FNDA:0,(anonymous_0)
FNDA:0,(anonymous_1)
FNDA:0,(anonymous_2)
FNDA:0,(anonymous_3)
DA:1,1
DA:2,1
DA:4,0
DA:5,0
DA:6,0
DA:12,0
DA:16,0
DA:17,0
DA:20,0
DA:21,0
DA:26,0
DA:29,0
DA:35,0
DA:39,0
DA:40,0
DA:41,0
DA:42,0
DA:43,0
DA:48,0
DA:53,0
DA:59,0
DA:63,0
DA:64,0
DA:65,0
DA:66,0
DA:67,0
DA:73,0
DA:80,0
DA:86,0
DA:91,1
LF:30
LH:3
BRDA:20,0,0,0
BRDA:20,0,1,0
BRDA:42,1,0,0
BRDA:42,1,1,0
BRDA:66,2,0,0
BRDA:66,2,1,0
BRF:6
BRH:0
end_of_record
TN:
SF:api/controllers/picturesController.js
FN:8,(anonymous_0)
FN:47,(anonymous_1)
FN:71,(anonymous_2)
FN:106,(anonymous_3)
FN:149,(anonymous_4)
FNF:5
FNH:1
FNDA:0,(anonymous_0)
FNDA:0,(anonymous_1)
FNDA:1,(anonymous_2)
FNDA:0,(anonymous_3)
FNDA:0,(anonymous_4)
DA:1,1
DA:2,1
DA:8,1
DA:9,0
DA:10,0
DA:12,0
DA:14,0
DA:15,0
DA:21,0
DA:27,0
DA:28,0
DA:34,0
DA:40,0
DA:47,1
DA:48,0
DA:49,0
DA:51,0
DA:53,0
DA:54,0
DA:57,0
DA:63,0
DA:71,1
DA:72,1
DA:73,1
DA:75,1
DA:77,1
DA:78,0
DA:81,1
DA:87,1
DA:88,0
DA:91,1
DA:97,0
DA:106,1
DA:107,0
DA:108,0
DA:109,0
DA:111,0
DA:113,0
DA:114,0
DA:117,0
DA:129,0
DA:130,0
DA:133,0
DA:135,0
DA:141,0
DA:149,1
DA:150,0
DA:151,0
DA:153,0
DA:155,0
DA:156,0
DA:159,0
DA:165,0
DA:166,0
DA:169,0
DA:173,0
DA:177,1
LF:57
LH:15
BRDA:14,0,0,0
BRDA:14,0,1,0
BRDA:27,1,0,0
BRDA:27,1,1,0
BRDA:53,2,0,0
BRDA:53,2,1,0
BRDA:77,3,0,0
BRDA:77,3,1,1
BRDA:87,4,0,0
BRDA:87,4,1,1
BRDA:113,5,0,0
BRDA:113,5,1,0
BRDA:129,6,0,0
BRDA:129,6,1,0
BRDA:155,7,0,0
BRDA:155,7,1,0
BRDA:165,8,0,0
BRDA:165,8,1,0
BRF:18
BRH:2
end_of_record
TN:
SF:api/controllers/productsController.js
FN:11,(anonymous_0)
FN:91,(anonymous_1)
FN:132,(anonymous_2)
FN:170,(anonymous_3)
FN:218,(anonymous_4)
FN:294,(anonymous_5)
FN:343,(anonymous_6)
FN:420,(anonymous_7)
FN:457,(anonymous_8)
FNF:9
FNH:0
FNDA:0,(anonymous_0)
FNDA:0,(anonymous_1)
FNDA:0,(anonymous_2)
FNDA:0,(anonymous_3)
FNDA:0,(anonymous_4)
FNDA:0,(anonymous_5)
FNDA:0,(anonymous_6)
FNDA:0,(anonymous_7)
FNDA:0,(anonymous_8)
DA:1,1
DA:2,1
DA:3,1
DA:4,1
DA:5,1
DA:6,1
DA:9,1
DA:12,0
DA:13,0
DA:15,0
DA:17,0
DA:40,0
DA:41,0
DA:48,0
DA:56,0
DA:77,0
DA:86,0
DA:87,0
DA:92,0
DA:93,0
DA:94,0
DA:113,0
DA:114,0
DA:119,0
DA:126,0
DA:127,0
DA:133,0
DA:134,0
DA:157,0
DA:164,0
DA:165,0
DA:171,0
DA:172,0
DA:174,0
DA:176,0
DA:177,0
DA:183,0
DA:184,0
DA:186,0
DA:187,0
DA:195,0
DA:204,0
DA:206,0
DA:213,0
DA:214,0
DA:219,0
DA:220,0
DA:221,0
DA:223,0
DA:224,0
DA:230,0
DA:236,0
DA:237,0
DA:243,0
DA:260,0
DA:261,0
DA:268,0
DA:282,0
DA:289,0
DA:290,0
DA:295,0
DA:296,0
DA:298,0
DA:331,0
DA:338,0
DA:339,0
DA:344,0
DA:346,0
DA:347,0
DA:348,0
DA:349,0
DA:355,0
DA:356,0
DA:358,0
DA:359,0
DA:365,0
DA:366,0
DA:367,0
DA:373,0
DA:381,0
DA:387,0
DA:407,0
DA:414,0
DA:415,0
DA:421,0
DA:423,0
DA:425,0
DA:427,0
DA:428,0
DA:434,0
DA:440,0
DA:441,0
DA:447,0
DA:453,0
DA:459,0
DA:460,0
DA:462,0
DA:484,0
DA:485,0
DA:491,0
DA:498,0
DA:506,1
LF:102
LH:8
BRDA:15,0,0,0
BRDA:15,0,1,0
BRDA:40,1,0,0
BRDA:40,1,1,0
BRDA:113,2,0,0
BRDA:113,2,1,0
BRDA:176,3,0,0
BRDA:176,3,1,0
BRDA:183,4,0,0
BRDA:183,4,1,0
BRDA:186,5,0,0
BRDA:186,5,1,0
BRDA:197,6,0,0
BRDA:197,6,1,0
BRDA:198,7,0,0
BRDA:198,7,1,0
BRDA:199,8,0,0
BRDA:199,8,1,0
BRDA:200,9,0,0
BRDA:200,9,1,0
BRDA:201,10,0,0
BRDA:201,10,1,0
BRDA:223,11,0,0
BRDA:223,11,1,0
BRDA:236,12,0,0
BRDA:236,12,1,0
BRDA:260,13,0,0
BRDA:260,13,1,0
BRDA:348,14,0,0
BRDA:348,14,1,0
BRDA:358,15,0,0
BRDA:358,15,1,0
BRDA:365,16,0,0
BRDA:365,16,1,0
BRDA:366,17,0,0
BRDA:366,17,1,0
BRDA:374,18,0,0
BRDA:374,18,1,0
BRDA:375,19,0,0
BRDA:375,19,1,0
BRDA:376,20,0,0
BRDA:376,20,1,0
BRDA:377,21,0,0
BRDA:377,21,1,0
BRDA:378,22,0,0
BRDA:378,22,1,0
BRDA:379,23,0,0
BRDA:379,23,1,0
BRDA:427,24,0,0
BRDA:427,24,1,0
BRDA:440,25,0,0
BRDA:440,25,1,0
BRDA:484,26,0,0
BRDA:484,26,1,0
BRF:54
BRH:0
end_of_record
TN:
SF:api/controllers/usersController.js
FN:7,(anonymous_0)
FN:25,(anonymous_1)
FN:53,(anonymous_2)
FN:111,(anonymous_3)
FN:151,(anonymous_4)
FN:223,(anonymous_5)
FNF:6
FNH:0
FNDA:0,(anonymous_0)
FNDA:0,(anonymous_1)
FNDA:0,(anonymous_2)
FNDA:0,(anonymous_3)
FNDA:0,(anonymous_4)
FNDA:0,(anonymous_5)
DA:1,1
DA:2,1
DA:3,1
DA:4,1
DA:6,1
DA:9,0
DA:10,0
DA:15,0
DA:21,0
DA:27,0
DA:28,0
DA:29,0
DA:36,0
DA:37,0
DA:43,0
DA:49,0
DA:54,0
DA:55,0
DA:56,0
DA:65,0
DA:67,0
DA:69,0
DA:74,0
DA:76,0
DA:83,0
DA:86,0
DA:97,0
DA:101,0
DA:107,0
DA:112,0
DA:114,0
DA:115,0
DA:119,0
DA:120,0
DA:122,0
DA:124,0
DA:130,0
DA:135,0
DA:137,0
DA:147,0
DA:152,0
DA:153,0
DA:155,0
DA:157,0
DA:173,0
DA:175,0
DA:177,0
DA:182,0
DA:184,0
DA:191,0
DA:192,0
DA:194,0
DA:207,0
DA:209,0
DA:216,0
DA:219,0
DA:224,0
DA:226,0
DA:227,0
DA:234,0
DA:236,0
DA:240,0
DA:244,0
DA:249,1
LF:64
LH:6
BRDA:36,0,0,0
BRDA:36,0,1,0
BRDA:65,1,0,0
BRDA:65,1,1,0
BRDA:67,2,0,0
BRDA:67,2,1,0
BRDA:74,3,0,0
BRDA:74,3,1,0
BRDA:93,4,0,0
BRDA:93,4,1,0
BRDA:120,5,0,0
BRDA:120,5,1,0
BRDA:122,6,0,0
BRDA:122,6,1,0
BRDA:122,7,0,0
BRDA:122,7,1,0
BRDA:173,8,0,0
BRDA:173,8,1,0
BRDA:175,9,0,0
BRDA:175,9,1,0
BRDA:182,10,0,0
BRDA:182,10,1,0
BRDA:191,11,0,0
BRDA:191,11,1,0
BRDA:202,12,0,0
BRDA:202,12,1,0
BRDA:207,13,0,0
BRDA:207,13,1,0
BRDA:234,14,0,0
BRDA:234,14,1,0
BRF:30
BRH:0
end_of_record
TN:
SF:api/database/config/config.js
FNF:0
FNH:0
DA:1,1
DA:3,1
DA:30,1
LF:3
LH:3
BRDA:5,0,0,1
BRDA:5,0,1,0
BRDA:6,1,0,1
BRDA:6,1,1,0
BRDA:8,2,0,1
BRDA:8,2,1,0
BRF:6
BRH:3
end_of_record
TN:
SF:api/database/models/Cart.js
FN:1,(anonymous_0)
FN:26,(anonymous_1)
FNF:2
FNH:2
FNDA:1,(anonymous_0)
FNDA:1,(anonymous_1)
DA:1,1
DA:3,1
DA:4,1
DA:20,1
DA:25,1
DA:26,1
DA:28,1
DA:34,1
DA:42,1
DA:45,1
LF:10
LH:10
BRF:0
BRH:0
end_of_record
TN:
SF:api/database/models/CartProduct.js
FN:1,(anonymous_0)
FNF:1
FNH:1
FNDA:1,(anonymous_0)
DA:1,1
DA:3,1
DA:4,1
DA:27,1
DA:31,1
DA:32,1
DA:35,1
LF:7
LH:7
BRF:0
BRH:0
end_of_record
TN:
SF:api/database/models/Category.js
FN:1,(anonymous_0)
FN:23,(anonymous_1)
FNF:2
FNH:2
FNDA:1,(anonymous_0)
FNDA:1,(anonymous_1)
DA:1,1
DA:2,1
DA:4,1
DA:18,1
DA:22,1
DA:23,1
DA:24,1
DA:29,1
DA:32,1
LF:9
LH:9
BRF:0
BRH:0
end_of_record
TN:
SF:api/database/models/Picture.js
FN:1,(anonymous_0)
FN:38,(anonymous_1)
FNF:2
FNH:2
FNDA:1,(anonymous_0)
FNDA:1,(anonymous_1)
DA:1,1
DA:2,1
DA:4,1
DA:30,1
DA:36,1
DA:38,1
DA:39,1
DA:46,1
LF:8
LH:8
BRF:0
BRH:0
end_of_record
TN:
SF:api/database/models/Product.js
FN:1,(anonymous_0)
FN:52,(anonymous_1)
FNF:2
FNH:2
FNDA:1,(anonymous_0)
FNDA:1,(anonymous_1)
DA:1,1
DA:3,1
DA:5,1
DA:47,1
DA:51,1
DA:52,1
DA:54,1
DA:60,1
DA:67,1
DA:72,1
DA:75,1
LF:11
LH:11
BRF:0
BRH:0
end_of_record
TN:
SF:api/database/models/User.js
FN:1,(anonymous_0)
FN:48,(anonymous_1)
FNF:2
FNH:2
FNDA:1,(anonymous_0)
FNDA:1,(anonymous_1)
DA:1,1
DA:2,1
DA:3,1
DA:43,1
DA:47,1
DA:48,1
DA:50,1
DA:58,1
LF:8
LH:8
BRF:0
BRH:0
end_of_record
TN:
SF:api/database/models/index.js
FN:20,(anonymous_0)
FN:23,(anonymous_1)
FN:28,(anonymous_2)
FNF:3
FNH:3
FNDA:8,(anonymous_0)
FNDA:6,(anonymous_1)
FNDA:6,(anonymous_2)
DA:3,1
DA:4,1
DA:5,1
DA:6,1
DA:7,1
DA:8,1
DA:9,1
DA:12,1
DA:13,0
DA:15,1
DA:18,1
DA:21,8
DA:24,6
DA:25,6
DA:28,1
DA:29,6
DA:30,5
DA:34,1
DA:35,1
DA:37,1
LF:20
LH:19
BRDA:7,0,0,1
BRDA:7,0,1,0
BRDA:12,1,0,0
BRDA:12,1,1,1
BRDA:21,2,0,8
BRDA:21,2,1,7
BRDA:21,2,2,6
BRDA:29,3,0,5
BRDA:29,3,1,1
BRF:9
BRH:7
end_of_record
TN:
SF:api/middlewares/errorHandler.js
FN:1,logErrors
FN:6,clientErrorHandler
FNF:2
FNH:0
FNDA:0,logErrors
FNDA:0,clientErrorHandler
DA:2,0
DA:3,0
DA:7,0
DA:13,1
LF:4
LH:1
BRF:0
BRH:0
end_of_record
TN:
SF:api/middlewares/productDataValidation.js
FN:1,dataValidation
FNF:1
FNH:0
FNDA:0,dataValidation
DA:2,0
DA:4,0
DA:5,0
DA:11,0
DA:12,0
DA:18,0
DA:21,1
LF:7
LH:1
BRDA:4,0,0,0
BRDA:4,0,1,0
BRDA:4,1,0,0
BRDA:4,1,1,0
BRDA:11,2,0,0
BRDA:11,2,1,0
BRDA:11,3,0,0
BRDA:11,3,1,0
BRF:8
BRH:0
end_of_record
TN:
SF:api/middlewares/roleVerification.js
FN:2,response
FN:9,roleVerification
FN:10,(anonymous_2)
FN:11,(anonymous_3)
FNF:4
FNH:3
FNDA:0,response
FNDA:9,roleVerification
FNDA:1,(anonymous_2)
FNDA:2,(anonymous_3)
DA:3,0
DA:10,9
DA:11,2
DA:13,1
DA:14,0
DA:16,1
DA:21,1
LF:7
LH:5
BRDA:13,0,0,0
BRDA:13,0,1,1
BRF:2
BRH:1
end_of_record
TN:
SF:api/middlewares/userAuthMiddleware.js
FN:4,(anonymous_0)
FN:11,(anonymous_1)
FN:19,(anonymous_2)
FN:23,(anonymous_3)
FN:27,(anonymous_4)
FN:52,(anonymous_5)
FNF:6
FNH:0
FNDA:0,(anonymous_0)
FNDA:0,(anonymous_1)
FNDA:0,(anonymous_2)
FNDA:0,(anonymous_3)
FNDA:0,(anonymous_4)
FNDA:0,(anonymous_5)
DA:1,1
DA:3,1
DA:5,0
DA:6,0
DA:7,0
DA:12,0
DA:13,0
DA:14,0
DA:15,0
DA:20,0
DA:24,0
DA:28,0
DA:29,0
DA:30,0
DA:31,0
DA:32,0
DA:34,0
DA:35,0
DA:37,0
DA:39,0
DA:40,0
DA:42,0
DA:44,0
DA:53,0
DA:54,0
DA:55,0
DA:56,0
DA:61,1
LF:28
LH:3
BRDA:6,0,0,0
BRDA:6,0,1,0
BRDA:6,1,0,0
BRDA:6,1,1,0
BRDA:14,2,0,0
BRDA:14,2,1,0
BRDA:14,3,0,0
BRDA:14,3,1,0
BRDA:14,3,2,0
BRDA:34,4,0,0
BRDA:34,4,1,0
BRDA:35,5,0,0
BRDA:35,5,1,0
BRDA:37,6,0,0
BRDA:37,6,1,0
BRDA:37,7,0,0
BRDA:37,7,1,0
BRDA:37,7,2,0
BRDA:40,8,0,0
BRDA:40,8,1,0
BRDA:40,9,0,0
BRDA:40,9,1,0
BRDA:55,10,0,0
BRDA:55,10,1,0
BRDA:55,11,0,0
BRDA:55,11,1,0
BRF:26
BRH:0
end_of_record
TN:
SF:api/middlewares/validatorHandler.js
FN:1,validatorHandler
FN:2,(anonymous_1)
FNF:2
FNH:2
FNDA:28,validatorHandler
FNDA:1,(anonymous_1)
DA:2,28
DA:3,1
DA:4,1
DA:5,1
DA:6,0
DA:8,1
DA:12,1
LF:7
LH:6
BRDA:5,0,0,0
BRDA:5,0,1,1
BRF:2
BRH:1
end_of_record
TN:
SF:api/middlewares/verifyJWT.js
FN:4,(anonymous_0)
FN:14,(anonymous_1)
FNF:2
FNH:2
FNDA:1,(anonymous_0)
FNDA:1,(anonymous_1)
DA:1,1
DA:2,1
DA:4,1
DA:5,1
DA:9,1
DA:11,0
DA:14,1
DA:15,1
DA:18,1
DA:19,1
DA:20,0
DA:26,1
DA:28,1
DA:29,1
DA:31,0
DA:32,0
DA:39,1
LF:17
LH:13
BRDA:5,0,0,1
BRDA:5,0,1,0
BRDA:6,1,0,1
BRDA:6,1,1,1
BRDA:19,2,0,0
BRDA:19,2,1,1
BRF:6
BRH:4
end_of_record
TN:
SF:api/network/responses.js
FN:2,responses
FNF:1
FNH:0
FNDA:0,responses
DA:3,0
DA:10,1
LF:2
LH:1
BRDA:2,0,0,0
BRDA:2,1,0,0
BRDA:2,2,0,0
BRF:3
BRH:0
end_of_record
TN:
SF:api/routes/cargarDatosRoutes.js
FNF:0
FNH:0
DA:1,1
DA:2,1
DA:3,1
DA:5,1
DA:7,1
LF:5
LH:5
BRF:0
BRH:0
end_of_record
TN:
SF:api/routes/cartRoutes.js
FNF:0
FNH:0
DA:1,1
DA:2,1
DA:5,1
DA:7,1
DA:10,1
DA:11,1
DA:13,1
DA:14,1
DA:15,1
DA:16,1
DA:18,1
LF:11
LH:11
BRF:0
BRH:0
end_of_record
TN:
SF:api/routes/categoryRoutes.js
FNF:0
FNH:0
DA:1,1
DA:2,1
DA:5,1
DA:6,1
DA:8,1
DA:10,1
DA:11,1
DA:12,1
DA:13,1
DA:15,1
DA:20,1
DA:26,1
DA:32,1
DA:39,1
LF:14
LH:14
BRF:0
BRH:0
end_of_record
TN:
SF:api/routes/picturesRoutes.js
FNF:0
FNH:0
DA:1,1
DA:2,1
DA:9,1
DA:14,1
DA:15,1
DA:18,1
DA:19,1
DA:20,1
DA:22,1
DA:24,1
DA:26,1
DA:33,1
DA:40,1
DA:47,1
DA:55,1
DA:62,1
LF:16
LH:16
BRF:0
BRH:0
end_of_record
TN:
SF:api/routes/productsRoutes.js
FNF:0
FNH:0
DA:1,1
DA:2,1
DA:3,1
DA:4,1
DA:5,1
DA:11,1
DA:12,1
DA:13,1
DA:15,1
DA:17,1
DA:21,1
DA:23,1
DA:29,1
DA:35,1
DA:41,1
DA:47,1
DA:53,1
DA:60,1
LF:18
LH:18
BRF:0
BRH:0
end_of_record
TN:
SF:api/routes/usersRoutes.js
FNF:0
FNH:0
DA:1,1
DA:2,1
DA:4,1
DA:5,1
DA:9,1
DA:12,1
DA:13,1
DA:14,1
DA:16,1
DA:18,1
DA:23,1
DA:29,1
DA:31,1
DA:33,1
DA:40,1
DA:48,1
DA:55,1
DA:60,1
DA:66,1
LF:19
LH:19
BRF:0
BRH:0
end_of_record
TN:
SF:api/schemas/cartSchema.js
FNF:0
FNH:0
DA:1,1
DA:3,1
DA:9,1
DA:14,1
DA:18,1
DA:23,1
LF:6
LH:6
BRF:0
BRH:0
end_of_record
TN:
SF:api/schemas/categorySchema.js
FNF:0
FNH:0
DA:1,1
DA:3,1
DA:8,1
DA:12,1
LF:4
LH:4
BRF:0
BRH:0
end_of_record
TN:
SF:api/schemas/genericSchema.js
FNF:0
FNH:0
DA:1,1
DA:3,1
DA:9,1
DA:13,1
LF:4
LH:4
BRF:0
BRH:0
end_of_record
TN:
SF:api/schemas/picturesSchema.js
FNF:0
FNH:0
DA:1,1
DA:3,1
DA:9,1
DA:14,1
DA:24,1
DA:28,1
DA:34,1
DA:40,1
LF:8
LH:8
BRF:0
BRH:0
end_of_record
TN:
SF:api/schemas/productsSchema.js
FNF:0
FNH:0
DA:1,1
DA:3,1
DA:9,1
DA:14,1
DA:20,1
DA:26,1
DA:30,1
DA:37,1
DA:44,1
DA:53,1
DA:67,1
DA:71,1
DA:75,1
LF:13
LH:13
BRF:0
BRH:0
end_of_record
TN:
SF:api/schemas/usersSchema.js
FNF:0
FNH:0
DA:1,1
DA:3,1
DA:9,1
DA:13,1
DA:31,1
DA:37,1
DA:41,1
DA:45,1
DA:49,1
DA:61,1
DA:80,1
DA:89,1
LF:12
LH:12
BRF:0
BRH:0
end_of_record
TN:
SF:api/test/helpers.js
FN:3,(anonymous_0)
FNF:1
FNH:1
FNDA:1,(anonymous_0)
DA:1,1
DA:3,1
DA:4,1
DA:9,1
LF:4
LH:4
BRF:0
BRH:0
end_of_record
TN:
SF:helpers/filesHelpers.js
FN:4,(anonymous_0)
FNF:1
FNH:0
FNDA:0,(anonymous_0)
DA:1,1
DA:4,1
DA:5,0
DA:7,0
DA:8,0
DA:11,0
DA:14,1
LF:7
LH:3
BRDA:7,0,0,0
BRDA:7,0,1,0
BRF:2
BRH:0
end_of_record
TN:
SF:helpers/generateJWT.js
FN:7,(anonymous_0)
FN:8,(anonymous_1)
FN:13,(anonymous_2)
FNF:3
FNH:3
FNDA:1,(anonymous_0)
FNDA:1,(anonymous_1)
FNDA:1,(anonymous_2)
DA:1,1
DA:7,1
DA:8,1
DA:9,1
DA:14,1
DA:15,0
DA:16,0
DA:18,1
DA:23,1
LF:9
LH:7
BRDA:14,0,0,0
BRDA:14,0,1,1
BRF:2
BRH:1
end_of_record
